Log file open, 04/19/19 22:58:33
LogWindows: Failed to load 'aqProf.dll' (GetLastError=126)
LogWindows: File 'aqProf.dll' does not exist
LogWindows: Failed to load 'VtuneApi.dll' (GetLastError=126)
LogWindows: File 'VtuneApi.dll' does not exist
LogWindows: Failed to load 'VtuneApi32e.dll' (GetLastError=126)
LogWindows: File 'VtuneApi32e.dll' does not exist
LogConsoleResponse: Display: Failed to find resolution value strings in scalability ini. Falling back to default.
LogInit: Display: Running engine for game: Rnbw_Mrdr_Dth_Mz
LogPakFile: Registered encryption key '00000000000000000000000000000000': 0 pak files mounted, 0 remain pending
LogPlatformFile: Not using cached read wrapper
LogTaskGraph: Started task graph with 5 named threads and 35 total threads with 3 sets of task threads.
LogStats: Stats thread started at 0.421776
LogD3D11RHI: Loaded GFSDK_Aftermath_Lib.x64.dll
LogICUInternationalization: ICU TimeZone Detection - Raw Offset: -5:00, Platform Override: ''
LogPluginManager: Mounting plugin Paper2D
LogPluginManager: Mounting plugin AISupport
LogPluginManager: Mounting plugin LightPropagationVolume
LogPluginManager: Mounting plugin ActorLayerUtilities
LogPluginManager: Mounting plugin CLionSourceCodeAccess
LogPluginManager: Mounting plugin CodeLiteSourceCodeAccess
LogPluginManager: Mounting plugin GitSourceControl
LogPluginManager: Mounting plugin KDevelopSourceCodeAccess
LogPluginManager: Mounting plugin NullSourceCodeAccess
LogPluginManager: Mounting plugin PerforceSourceControl
LogPluginManager: Mounting plugin SubversionSourceControl
LogPluginManager: Mounting plugin UObjectPlugin
LogPluginManager: Mounting plugin VisualStudioCodeSourceCodeAccess
LogPluginManager: Mounting plugin VisualStudioSourceCodeAccess
LogPluginManager: Mounting plugin XCodeSourceCodeAccess
LogPluginManager: Mounting plugin AssetManagerEditor
LogPluginManager: Mounting plugin CryptoKeys
LogPluginManager: Mounting plugin DataValidation
LogPluginManager: Mounting plugin FacialAnimation
LogPluginManager: Mounting plugin GameplayTagsEditor
LogPluginManager: Mounting plugin MacGraphicsSwitching
LogPluginManager: Mounting plugin MeshEditor
LogPluginManager: Mounting plugin MobileLauncherProfileWizard
LogPluginManager: Mounting plugin PluginBrowser
LogPluginManager: Mounting plugin SpeedTreeImporter
LogPluginManager: Mounting plugin DatasmithContent
LogPluginManager: Mounting plugin VariantManagerContent
LogPluginManager: Mounting plugin AlembicImporter
LogPluginManager: Mounting plugin AppleImageUtils
LogPluginManager: Mounting plugin AppleVision
LogPluginManager: Mounting plugin BackChannel
LogPluginManager: Mounting plugin CharacterAI
LogPluginManager: Mounting plugin GeometryCache
LogPluginManager: Mounting plugin HTML5Networking
LogPluginManager: Mounting plugin ProxyLODPlugin
LogPluginManager: Mounting plugin MagicLeap
LogPluginManager: Mounting plugin MagicLeapMedia
LogPluginManager: Mounting plugin AndroidMedia
LogPluginManager: Mounting plugin AvfMedia
LogPluginManager: Mounting plugin ImgMedia
LogPluginManager: Mounting plugin LinearTimecode
LogPluginManager: Mounting plugin MediaCompositing
LogPluginManager: Mounting plugin MediaPlayerEditor
LogPluginManager: Mounting plugin WebMMedia
LogPluginManager: Mounting plugin WmfMedia
LogPluginManager: Mounting plugin TcpMessaging
LogPluginManager: Mounting plugin UdpMessaging
LogPluginManager: Mounting plugin ActorSequence
LogPluginManager: Mounting plugin LevelSequenceEditor
LogPluginManager: Mounting plugin MatineeToLevelSequence
LogPluginManager: Mounting plugin NetcodeUnitTest
LogPluginManager: Mounting plugin NUTUnrealEngine4
LogPluginManager: Mounting plugin OnlineSubsystemGooglePlay
LogPluginManager: Mounting plugin OnlineSubsystemIOS
LogPluginManager: Mounting plugin OnlineSubsystem
LogPluginManager: Mounting plugin OnlineSubsystemNull
LogPluginManager: Mounting plugin OnlineSubsystemUtils
LogPluginManager: Mounting plugin LauncherChunkInstaller
LogPluginManager: Mounting plugin AndroidDeviceProfileSelector
LogPluginManager: Mounting plugin AndroidMoviePlayer
LogPluginManager: Mounting plugin AndroidPermission
LogPluginManager: Mounting plugin AppleMoviePlayer
LogPluginManager: Mounting plugin ArchVisCharacter
LogPluginManager: Mounting plugin AudioCapture
LogPluginManager: Mounting plugin CableComponent
LogPluginManager: Mounting plugin CustomMeshComponent
LogPluginManager: Mounting plugin EditableMesh
LogPluginManager: Mounting plugin ExampleDeviceProfileSelector
LogPluginManager: Mounting plugin Firebase
LogPluginManager: Mounting plugin GoogleCloudMessaging
LogPluginManager: Mounting plugin IOSDeviceProfileSelector
LogPluginManager: Mounting plugin LinuxDeviceProfileSelector
LogPluginManager: Mounting plugin LocationServicesBPLibrary
LogPluginManager: Mounting plugin MobilePatchingUtils
LogPluginManager: Mounting plugin OculusVR
LogPluginManager: Mounting plugin PhysXVehicles
LogPluginManager: Mounting plugin ProceduralMeshComponent
LogPluginManager: Mounting plugin RuntimePhysXCooking
LogPluginManager: Mounting plugin SteamVR
LogPluginManager: Mounting plugin WebMMoviePlayer
LogPluginManager: Mounting plugin WindowsMoviePlayer
LogStreaming: Display: Took  0.156s to configure plugins.
LogInit: Using libcurl 7.55.1-DEV
LogInit:  - built for x86_64-pc-win32
LogInit:  - supports SSL with OpenSSL/1.0.2h
LogInit:  - supports HTTP deflate (compression) using libz 1.2.8
LogInit:  - other features:
LogInit:      CURL_VERSION_SSL
LogInit:      CURL_VERSION_LIBZ
LogInit:      CURL_VERSION_IPV6
LogInit:      CURL_VERSION_ASYNCHDNS
LogInit:      CURL_VERSION_LARGEFILE
LogInit:      CURL_VERSION_IDN
LogInit:  CurlRequestOptions (configurable via config and command line):
LogInit:  - bVerifyPeer = true  - Libcurl will verify peer certificate
LogInit:  - bUseHttpProxy = false  - Libcurl will NOT use HTTP proxy
LogInit:  - bDontReuseConnections = false  - Libcurl will reuse connections
LogInit:  - MaxHostConnections = 16  - Libcurl will limit the number of connections to a host
LogInit:  - LocalHostAddr = Default
LogInit:  - BufferSize = 65536
LogInit: WinSock: version 1.1 (2.2), MaxSocks=32767, MaxUdp=65467
LogInit: Build: ++UE4+Release-4.21-CL-4753647
LogInit: Engine Version: 4.21.2-4753647+++UE4+Release-4.21
LogInit: Compatible Engine Version: 4.21.0-4541578+++UE4+Release-4.21
LogInit: Net CL: 4541578
LogInit: OS: Windows 10 (), CPU: Intel(R) Core(TM) i7-8750H CPU @ 2.20GHz, GPU: Intel(R) UHD Graphics 630
LogInit: Compiled (64-bit): Jan 19 2019 02:07:31
LogInit: Compiled with Visual C++: 19.13.26129.00
LogInit: Build Configuration: Development
LogInit: Branch Name: ++UE4+Release-4.21
LogInit: Command Line: 
LogInit: Base Directory: D:/Programs/UE_4.21/Engine/Binaries/Win64/
LogInit: Installed Engine Build: 1
LogDevObjectVersion: Number of dev versions registered: 22
LogDevObjectVersion:   Dev-Blueprints (B0D832E4-1F89-4F0D-ACCF-7EB736FD4AA2): 10
LogDevObjectVersion:   Dev-Build (E1C64328-A22C-4D53-A36C-8E866417BD8C): 0
LogDevObjectVersion:   Dev-Core (375EC13C-06E4-48FB-B500-84F0262A717E): 2
LogDevObjectVersion:   Dev-Editor (E4B068ED-F494-42E9-A231-DA0B2E46BB41): 26
LogDevObjectVersion:   Dev-Framework (CFFC743F-43B0-4480-9391-14DF171D2073): 34
LogDevObjectVersion:   Dev-Mobile (B02B49B5-BB20-44E9-A304-32B752E40360): 2
LogDevObjectVersion:   Dev-Networking (A4E4105C-59A1-49B5-A7C5-40C4547EDFEE): 0
LogDevObjectVersion:   Dev-Online (39C831C9-5AE6-47DC-9A44-9C173E1C8E7C): 0
LogDevObjectVersion:   Dev-Physics (78F01B33-EBEA-4F98-B9B4-84EACCB95AA2): 0
LogDevObjectVersion:   Dev-Platform (6631380F-2D4D-43E0-8009-CF276956A95A): 0
LogDevObjectVersion:   Dev-Rendering (12F88B9F-8875-4AFC-A67C-D90C383ABD29): 27
LogDevObjectVersion:   Dev-Sequencer (7B5AE74C-D270-4C10-A958-57980B212A5A): 9
LogDevObjectVersion:   Dev-VR (D7296918-1DD6-4BDD-9DE2-64A83CC13884): 2
LogDevObjectVersion:   Dev-LoadTimes (C2A15278-BFE7-4AFE-6C17-90FF531DF755): 1
LogDevObjectVersion:   Private-Geometry (6EACA3D4-40EC-4CC1-B786-8BED09428FC5): 3
LogDevObjectVersion:   Dev-AnimPhys (29E575DD-E0A3-4627-9D10-D276232CDCEA): 17
LogDevObjectVersion:   Dev-Anim (AF43A65D-7FD3-4947-9873-3E8ED9C1BB05): 2
LogDevObjectVersion:   Dev-ReflectionCapture (6B266CEC-1EC7-4B8F-A30B-E4D90942FC07): 1
LogDevObjectVersion:   Dev-Automation (0DF73D61-A23F-47EA-B727-89E90C41499A): 1
LogDevObjectVersion:   FortniteMain (601D1886-AC64-4F84-AA16-D3DE0DEAC7D6): 17
LogDevObjectVersion:   Dev-Enterprise (9DFFBCD6-494F-0158-E221-12823C92A888): 4
LogDevObjectVersion:   Dev-Niagara (F2AED0AC-9AFE-416F-8664-AA7FFA26D6FC): 1
LogStreaming: Display: Took  0.009s to delete old logs.
LogInit: Presizing for max 8388607 objects, including 0 objects not considered by GC, pre-allocating 0 bytes for permanent pool.
LogInit: Object subsystem initialized
LogConfig: Setting CVar [[con.DebugEarlyDefault:1]]
LogConfig: Setting CVar [[r.setres:1280x720]]
[2019.04.20-02.58.34:067][  0]LogConfig: Setting CVar [[r.VSync:0]]
[2019.04.20-02.58.34:067][  0]LogConfig: Setting CVar [[r.RHICmdBypass:0]]
[2019.04.20-02.58.34:067][  0]LogConfig: Applying CVar settings from Section [/Script/Engine.RendererSettings] File [D:/UnrealProjects/Rainbow-Murder-Death-Maze/Rnbw_Mrdr_Dth_Mz/Saved/Config/Windows/Engine.ini]
[2019.04.20-02.58.34:067][  0]LogConfig: Setting CVar [[r.GPUCrashDebugging:0]]
[2019.04.20-02.58.34:067][  0]LogConfig: Applying CVar settings from Section [/Script/Engine.RendererOverrideSettings] File [D:/UnrealProjects/Rainbow-Murder-Death-Maze/Rnbw_Mrdr_Dth_Mz/Saved/Config/Windows/Engine.ini]
[2019.04.20-02.58.34:067][  0]LogConfig: Applying CVar settings from Section [/Script/Engine.StreamingSettings] File [D:/UnrealProjects/Rainbow-Murder-Death-Maze/Rnbw_Mrdr_Dth_Mz/Saved/Config/Windows/Engine.ini]
[2019.04.20-02.58.34:067][  0]LogConfig: Setting CVar [[s.MinBulkDataSizeForAsyncLoading:131072]]
[2019.04.20-02.58.34:067][  0]LogConfig: Setting CVar [[s.AsyncLoadingThreadEnabled:0]]
[2019.04.20-02.58.34:067][  0]LogConfig: Setting CVar [[s.EventDrivenLoaderEnabled:1]]
[2019.04.20-02.58.34:067][  0]LogConfig: Setting CVar [[s.WarnIfTimeLimitExceeded:0]]
[2019.04.20-02.58.34:067][  0]LogConfig: Setting CVar [[s.TimeLimitExceededMultiplier:1.5]]
[2019.04.20-02.58.34:067][  0]LogConfig: Setting CVar [[s.TimeLimitExceededMinTime:0.005]]
[2019.04.20-02.58.34:067][  0]LogConfig: Setting CVar [[s.UseBackgroundLevelStreaming:1]]
[2019.04.20-02.58.34:067][  0]LogConfig: Setting CVar [[s.PriorityAsyncLoadingExtraTime:15.0]]
[2019.04.20-02.58.34:067][  0]LogConfig: Setting CVar [[s.LevelStreamingActorsUpdateTimeLimit:5.0]]
[2019.04.20-02.58.34:067][  0]LogConfig: Setting CVar [[s.PriorityLevelStreamingActorsUpdateExtraTime:5.0]]
[2019.04.20-02.58.34:067][  0]LogConfig: Setting CVar [[s.LevelStreamingComponentsRegistrationGranularity:10]]
[2019.04.20-02.58.34:067][  0]LogConfig: Setting CVar [[s.UnregisterComponentsTimeLimit:1.0]]
[2019.04.20-02.58.34:067][  0]LogConfig: Setting CVar [[s.LevelStreamingComponentsUnregistrationGranularity:5]]
[2019.04.20-02.58.34:067][  0]LogConfig: Applying CVar settings from Section [/Script/Engine.GarbageCollectionSettings] File [D:/UnrealProjects/Rainbow-Murder-Death-Maze/Rnbw_Mrdr_Dth_Mz/Saved/Config/Windows/Engine.ini]
[2019.04.20-02.58.34:067][  0]LogConfig: Setting CVar [[gc.MaxObjectsNotConsideredByGC:1]]
[2019.04.20-02.58.34:067][  0]LogConfig: Setting CVar [[gc.SizeOfPermanentObjectPool:0]]
[2019.04.20-02.58.34:067][  0]LogConfig: Setting CVar [[gc.FlushStreamingOnGC:0]]
[2019.04.20-02.58.34:067][  0]LogConfig: Setting CVar [[gc.NumRetriesBeforeForcingGC:10]]
[2019.04.20-02.58.34:067][  0]LogConfig: Setting CVar [[gc.AllowParallelGC:1]]
[2019.04.20-02.58.34:067][  0]LogConfig: Setting CVar [[gc.TimeBetweenPurgingPendingKillObjects:61.1]]
[2019.04.20-02.58.34:067][  0]LogConfig: Setting CVar [[gc.MaxObjectsInEditor:8388607]]
[2019.04.20-02.58.34:067][  0]LogConfig: Setting CVar [[gc.IncrementalBeginDestroyEnabled:1]]
[2019.04.20-02.58.34:067][  0]LogConfig: Setting CVar [[gc.CreateGCClusters:1]]
[2019.04.20-02.58.34:067][  0]LogConfig: Setting CVar [[gc.MergeGCClusters:0]]
[2019.04.20-02.58.34:067][  0]LogConfig: Setting CVar [[gc.MinGCClusterSize:5]]
[2019.04.20-02.58.34:067][  0]LogConfig: Setting CVar [[gc.ActorClusteringEnabled:0]]
[2019.04.20-02.58.34:067][  0]LogConfig: Setting CVar [[gc.BlueprintClusteringEnabled:0]]
[2019.04.20-02.58.34:067][  0]LogConfig: Setting CVar [[gc.UseDisregardForGCOnDedicatedServers:0]]
[2019.04.20-02.58.34:067][  0]LogConfig: Applying CVar settings from Section [/Script/Engine.NetworkSettings] File [D:/UnrealProjects/Rainbow-Murder-Death-Maze/Rnbw_Mrdr_Dth_Mz/Saved/Config/Windows/Engine.ini]
[2019.04.20-02.58.34:067][  0]LogConfig: Applying CVar settings from Section [/Script/UnrealEd.CookerSettings] File [D:/UnrealProjects/Rainbow-Murder-Death-Maze/Rnbw_Mrdr_Dth_Mz/Saved/Config/Windows/Engine.ini]
[2019.04.20-02.58.34:070][  0]LogConfig: Applying CVar settings from Section [ViewDistanceQuality@3] File [D:/UnrealProjects/Rainbow-Murder-Death-Maze/Rnbw_Mrdr_Dth_Mz/Saved/Config/Windows/Scalability.ini]
[2019.04.20-02.58.34:071][  0]LogConfig: Setting CVar [[r.SkeletalMeshLODBias:0]]
[2019.04.20-02.58.34:071][  0]LogConfig: Setting CVar [[r.ViewDistanceScale:1.0]]
[2019.04.20-02.58.34:071][  0]LogConfig: Applying CVar settings from Section [AntiAliasingQuality@3] File [D:/UnrealProjects/Rainbow-Murder-Death-Maze/Rnbw_Mrdr_Dth_Mz/Saved/Config/Windows/Scalability.ini]
[2019.04.20-02.58.34:071][  0]LogConfig: Setting CVar [[r.PostProcessAAQuality:4]]
[2019.04.20-02.58.34:071][  0]LogConfig: Applying CVar settings from Section [ShadowQuality@3] File [D:/UnrealProjects/Rainbow-Murder-Death-Maze/Rnbw_Mrdr_Dth_Mz/Saved/Config/Windows/Scalability.ini]
[2019.04.20-02.58.34:071][  0]LogConfig: Setting CVar [[r.LightFunctionQuality:1]]
[2019.04.20-02.58.34:071][  0]LogConfig: Setting CVar [[r.ShadowQuality:5]]
[2019.04.20-02.58.34:071][  0]LogConfig: Setting CVar [[r.Shadow.CSM.MaxCascades:10]]
[2019.04.20-02.58.34:071][  0]LogConfig: Setting CVar [[r.Shadow.MaxResolution:2048]]
[2019.04.20-02.58.34:071][  0]LogConfig: Setting CVar [[r.Shadow.MaxCSMResolution:2048]]
[2019.04.20-02.58.34:071][  0]LogConfig: Setting CVar [[r.Shadow.RadiusThreshold:0.01]]
[2019.04.20-02.58.34:071][  0]LogConfig: Setting CVar [[r.Shadow.DistanceScale:1.0]]
[2019.04.20-02.58.34:071][  0]LogConfig: Setting CVar [[r.Shadow.CSM.TransitionScale:1.0]]
[2019.04.20-02.58.34:071][  0]LogConfig: Setting CVar [[r.Shadow.PreShadowResolutionFactor:1.0]]
[2019.04.20-02.58.34:071][  0]LogConfig: Setting CVar [[r.DistanceFieldShadowing:1]]
[2019.04.20-02.58.34:071][  0]LogConfig: Setting CVar [[r.DistanceFieldAO:1]]
[2019.04.20-02.58.34:071][  0]LogConfig: Setting CVar [[r.AOQuality:2]]
[2019.04.20-02.58.34:071][  0]LogConfig: Setting CVar [[r.VolumetricFog:1]]
[2019.04.20-02.58.34:071][  0]LogConfig: Setting CVar [[r.VolumetricFog.GridPixelSize:8]]
[2019.04.20-02.58.34:071][  0]LogConfig: Setting CVar [[r.VolumetricFog.GridSizeZ:128]]
[2019.04.20-02.58.34:071][  0]LogConfig: Setting CVar [[r.VolumetricFog.HistoryMissSupersampleCount:4]]
[2019.04.20-02.58.34:071][  0]LogConfig: Setting CVar [[r.LightMaxDrawDistanceScale:1]]
[2019.04.20-02.58.34:071][  0]LogConfig: Setting CVar [[r.CapsuleShadows:1]]
[2019.04.20-02.58.34:071][  0]LogConfig: Applying CVar settings from Section [PostProcessQuality@3] File [D:/UnrealProjects/Rainbow-Murder-Death-Maze/Rnbw_Mrdr_Dth_Mz/Saved/Config/Windows/Scalability.ini]
[2019.04.20-02.58.34:071][  0]LogConfig: Setting CVar [[r.MotionBlurQuality:4]]
[2019.04.20-02.58.34:071][  0]LogConfig: Setting CVar [[r.AmbientOcclusionMipLevelFactor:0.4]]
[2019.04.20-02.58.34:071][  0]LogConfig: Setting CVar [[r.AmbientOcclusionMaxQuality:100]]
[2019.04.20-02.58.34:071][  0]LogConfig: Setting CVar [[r.AmbientOcclusionLevels:-1]]
[2019.04.20-02.58.34:071][  0]LogConfig: Setting CVar [[r.AmbientOcclusionRadiusScale:1.0]]
[2019.04.20-02.58.34:071][  0]LogConfig: Setting CVar [[r.DepthOfFieldQuality:2]]
[2019.04.20-02.58.34:071][  0]LogConfig: Setting CVar [[r.RenderTargetPoolMin:400]]
[2019.04.20-02.58.34:071][  0]LogConfig: Setting CVar [[r.LensFlareQuality:2]]
[2019.04.20-02.58.34:071][  0]LogConfig: Setting CVar [[r.SceneColorFringeQuality:1]]
[2019.04.20-02.58.34:071][  0]LogConfig: Setting CVar [[r.EyeAdaptationQuality:2]]
[2019.04.20-02.58.34:071][  0]LogConfig: Setting CVar [[r.BloomQuality:5]]
[2019.04.20-02.58.34:071][  0]LogConfig: Setting CVar [[r.FastBlurThreshold:100]]
[2019.04.20-02.58.34:071][  0]LogConfig: Setting CVar [[r.Upscale.Quality:3]]
[2019.04.20-02.58.34:071][  0]LogConfig: Setting CVar [[r.Tonemapper.GrainQuantization:1]]
[2019.04.20-02.58.34:071][  0]LogConfig: Setting CVar [[r.LightShaftQuality:1]]
[2019.04.20-02.58.34:071][  0]LogConfig: Setting CVar [[r.Filter.SizeScale:1]]
[2019.04.20-02.58.34:071][  0]LogConfig: Setting CVar [[r.Tonemapper.Quality:5]]
[2019.04.20-02.58.34:071][  0]LogConfig: Setting CVar [[r.DOF.Gather.AccumulatorQuality:1        ; higher gathering accumulator quality]]
[2019.04.20-02.58.34:071][  0]LogConfig: Setting CVar [[r.DOF.Gather.PostfilterMethod:1          ; Median3x3 postfilering method]]
[2019.04.20-02.58.34:071][  0]LogConfig: Setting CVar [[r.DOF.Gather.EnableBokehSettings:0       ; no bokeh simulation when gathering]]
[2019.04.20-02.58.34:071][  0]LogConfig: Setting CVar [[r.DOF.Gather.RingCount:4                 ; medium number of samples when gathering]]
[2019.04.20-02.58.34:071][  0]LogConfig: Setting CVar [[r.DOF.Scatter.ForegroundCompositing:1    ; additive foreground scattering]]
[2019.04.20-02.58.34:071][  0]LogConfig: Setting CVar [[r.DOF.Scatter.BackgroundCompositing:2    ; additive background scattering]]
[2019.04.20-02.58.34:071][  0]LogConfig: Setting CVar [[r.DOF.Scatter.EnableBokehSettings:1      ; bokeh simulation when scattering]]
[2019.04.20-02.58.34:071][  0]LogConfig: Setting CVar [[r.DOF.Scatter.MaxSpriteRatio:0.1         ; only a maximum of 10% of scattered bokeh]]
[2019.04.20-02.58.34:071][  0]LogConfig: Setting CVar [[r.DOF.Recombine.Quality:1                ; cheap slight out of focus]]
[2019.04.20-02.58.34:071][  0]LogConfig: Setting CVar [[r.DOF.Recombine.EnableBokehSettings:0    ; no bokeh simulation on slight out of focus]]
[2019.04.20-02.58.34:071][  0]LogConfig: Setting CVar [[r.DOF.TemporalAAQuality:1                ; more stable temporal accumulation]]
[2019.04.20-02.58.34:071][  0]LogConfig: Setting CVar [[r.DOF.Kernel.MaxForegroundRadius:0.025]]
[2019.04.20-02.58.34:071][  0]LogConfig: Setting CVar [[r.DOF.Kernel.MaxBackgroundRadius:0.025]]
[2019.04.20-02.58.34:071][  0]LogConfig: Applying CVar settings from Section [TextureQuality@3] File [D:/UnrealProjects/Rainbow-Murder-Death-Maze/Rnbw_Mrdr_Dth_Mz/Saved/Config/Windows/Scalability.ini]
[2019.04.20-02.58.34:071][  0]LogConfig: Setting CVar [[r.Streaming.MipBias:0]]
[2019.04.20-02.58.34:071][  0]LogConfig: Setting CVar [[r.Streaming.AmortizeCPUToGPUCopy:0]]
[2019.04.20-02.58.34:071][  0]LogConfig: Setting CVar [[r.Streaming.MaxNumTexturesToStreamPerFrame:0]]
[2019.04.20-02.58.34:071][  0]LogConfig: Setting CVar [[r.Streaming.Boost:1]]
[2019.04.20-02.58.34:071][  0]LogConfig: Setting CVar [[r.MaxAnisotropy:8]]
[2019.04.20-02.58.34:071][  0]LogConfig: Setting CVar [[r.Streaming.LimitPoolSizeToVRAM:0]]
[2019.04.20-02.58.34:071][  0]LogConfig: Setting CVar [[r.Streaming.PoolSize:1000]]
[2019.04.20-02.58.34:071][  0]LogConfig: Setting CVar [[r.Streaming.MaxEffectiveScreenSize:0]]
[2019.04.20-02.58.34:071][  0]LogConfig: Applying CVar settings from Section [EffectsQuality@3] File [D:/UnrealProjects/Rainbow-Murder-Death-Maze/Rnbw_Mrdr_Dth_Mz/Saved/Config/Windows/Scalability.ini]
[2019.04.20-02.58.34:071][  0]LogConfig: Setting CVar [[r.TranslucencyLightingVolumeDim:64]]
[2019.04.20-02.58.34:071][  0]LogConfig: Setting CVar [[r.RefractionQuality:2]]
[2019.04.20-02.58.34:071][  0]LogConfig: Setting CVar [[r.SSR.Quality:3]]
[2019.04.20-02.58.34:071][  0]LogConfig: Setting CVar [[r.SceneColorFormat:4]]
[2019.04.20-02.58.34:071][  0]LogConfig: Setting CVar [[r.DetailMode:2]]
[2019.04.20-02.58.34:072][  0]LogConfig: Setting CVar [[r.TranslucencyVolumeBlur:1]]
[2019.04.20-02.58.34:072][  0]LogConfig: Setting CVar [[r.MaterialQualityLevel:1 ; High quality]]
[2019.04.20-02.58.34:072][  0]LogConfig: Setting CVar [[r.SSS.Scale:1]]
[2019.04.20-02.58.34:072][  0]LogConfig: Setting CVar [[r.SSS.SampleSet:2]]
[2019.04.20-02.58.34:072][  0]LogConfig: Setting CVar [[r.SSS.Quality:1]]
[2019.04.20-02.58.34:072][  0]LogConfig: Setting CVar [[r.SSS.HalfRes:1]]
[2019.04.20-02.58.34:072][  0]LogConfig: Setting CVar [[r.EmitterSpawnRateScale:1.0]]
[2019.04.20-02.58.34:072][  0]LogConfig: Setting CVar [[r.ParticleLightQuality:2]]
[2019.04.20-02.58.34:072][  0]LogConfig: Applying CVar settings from Section [FoliageQuality@3] File [D:/UnrealProjects/Rainbow-Murder-Death-Maze/Rnbw_Mrdr_Dth_Mz/Saved/Config/Windows/Scalability.ini]
[2019.04.20-02.58.34:072][  0]LogConfig: Setting CVar [[foliage.DensityScale:1.0]]
[2019.04.20-02.58.34:072][  0]LogConfig: Setting CVar [[grass.DensityScale:1.0]]
[2019.04.20-02.58.34:072][  0]LogInit: Selected Device Profile: [Windows]
[2019.04.20-02.58.34:072][  0]LogInit: Applying CVar settings loaded from the selected device profile: [Windows]
[2019.04.20-02.58.34:099][  0]LogHAL: Display: Platform has ~ 16 GB [17015091200 / 17179869184 / 16], which maps to Larger [LargestMinGB=32, LargerMinGB=12, DefaultMinGB=8, SmallerMinGB=6, SmallestMinGB=0)
[2019.04.20-02.58.34:126][  0]LogConfig: Setting CVar [[r.Vulkan.UseRealUBs:1]]
[2019.04.20-02.58.34:126][  0]LogInit: Going up to parent DeviceProfile []
[2019.04.20-02.58.34:126][  0]LogConfig: Applying CVar settings from Section [ViewDistanceQuality@3] File [D:/UnrealProjects/Rainbow-Murder-Death-Maze/Rnbw_Mrdr_Dth_Mz/Saved/Config/Windows/Scalability.ini]
[2019.04.20-02.58.34:126][  0]LogConfig: Setting CVar [[r.SkeletalMeshLODBias:0]]
[2019.04.20-02.58.34:126][  0]LogConfig: Setting CVar [[r.ViewDistanceScale:1.0]]
[2019.04.20-02.58.34:126][  0]LogConfig: Applying CVar settings from Section [AntiAliasingQuality@3] File [D:/UnrealProjects/Rainbow-Murder-Death-Maze/Rnbw_Mrdr_Dth_Mz/Saved/Config/Windows/Scalability.ini]
[2019.04.20-02.58.34:126][  0]LogConfig: Setting CVar [[r.PostProcessAAQuality:4]]
[2019.04.20-02.58.34:126][  0]LogConfig: Applying CVar settings from Section [ShadowQuality@3] File [D:/UnrealProjects/Rainbow-Murder-Death-Maze/Rnbw_Mrdr_Dth_Mz/Saved/Config/Windows/Scalability.ini]
[2019.04.20-02.58.34:126][  0]LogConfig: Setting CVar [[r.LightFunctionQuality:1]]
[2019.04.20-02.58.34:126][  0]LogConfig: Setting CVar [[r.ShadowQuality:5]]
[2019.04.20-02.58.34:126][  0]LogConfig: Setting CVar [[r.Shadow.CSM.MaxCascades:10]]
[2019.04.20-02.58.34:126][  0]LogConfig: Setting CVar [[r.Shadow.MaxResolution:2048]]
[2019.04.20-02.58.34:126][  0]LogConfig: Setting CVar [[r.Shadow.MaxCSMResolution:2048]]
[2019.04.20-02.58.34:126][  0]LogConfig: Setting CVar [[r.Shadow.RadiusThreshold:0.01]]
[2019.04.20-02.58.34:126][  0]LogConfig: Setting CVar [[r.Shadow.DistanceScale:1.0]]
[2019.04.20-02.58.34:126][  0]LogConfig: Setting CVar [[r.Shadow.CSM.TransitionScale:1.0]]
[2019.04.20-02.58.34:126][  0]LogConfig: Setting CVar [[r.Shadow.PreShadowResolutionFactor:1.0]]
[2019.04.20-02.58.34:126][  0]LogConfig: Setting CVar [[r.DistanceFieldShadowing:1]]
[2019.04.20-02.58.34:126][  0]LogConfig: Setting CVar [[r.DistanceFieldAO:1]]
[2019.04.20-02.58.34:126][  0]LogConfig: Setting CVar [[r.AOQuality:2]]
[2019.04.20-02.58.34:126][  0]LogConfig: Setting CVar [[r.VolumetricFog:1]]
[2019.04.20-02.58.34:126][  0]LogConfig: Setting CVar [[r.VolumetricFog.GridPixelSize:8]]
[2019.04.20-02.58.34:126][  0]LogConfig: Setting CVar [[r.VolumetricFog.GridSizeZ:128]]
[2019.04.20-02.58.34:126][  0]LogConfig: Setting CVar [[r.VolumetricFog.HistoryMissSupersampleCount:4]]
[2019.04.20-02.58.34:126][  0]LogConfig: Setting CVar [[r.LightMaxDrawDistanceScale:1]]
[2019.04.20-02.58.34:126][  0]LogConfig: Setting CVar [[r.CapsuleShadows:1]]
[2019.04.20-02.58.34:126][  0]LogConfig: Applying CVar settings from Section [PostProcessQuality@3] File [D:/UnrealProjects/Rainbow-Murder-Death-Maze/Rnbw_Mrdr_Dth_Mz/Saved/Config/Windows/Scalability.ini]
[2019.04.20-02.58.34:126][  0]LogConfig: Setting CVar [[r.MotionBlurQuality:4]]
[2019.04.20-02.58.34:126][  0]LogConfig: Setting CVar [[r.AmbientOcclusionMipLevelFactor:0.4]]
[2019.04.20-02.58.34:126][  0]LogConfig: Setting CVar [[r.AmbientOcclusionMaxQuality:100]]
[2019.04.20-02.58.34:126][  0]LogConfig: Setting CVar [[r.AmbientOcclusionLevels:-1]]
[2019.04.20-02.58.34:126][  0]LogConfig: Setting CVar [[r.AmbientOcclusionRadiusScale:1.0]]
[2019.04.20-02.58.34:126][  0]LogConfig: Setting CVar [[r.DepthOfFieldQuality:2]]
[2019.04.20-02.58.34:126][  0]LogConfig: Setting CVar [[r.RenderTargetPoolMin:400]]
[2019.04.20-02.58.34:126][  0]LogConfig: Setting CVar [[r.LensFlareQuality:2]]
[2019.04.20-02.58.34:126][  0]LogConfig: Setting CVar [[r.SceneColorFringeQuality:1]]
[2019.04.20-02.58.34:126][  0]LogConfig: Setting CVar [[r.EyeAdaptationQuality:2]]
[2019.04.20-02.58.34:126][  0]LogConfig: Setting CVar [[r.BloomQuality:5]]
[2019.04.20-02.58.34:126][  0]LogConfig: Setting CVar [[r.FastBlurThreshold:100]]
[2019.04.20-02.58.34:126][  0]LogConfig: Setting CVar [[r.Upscale.Quality:3]]
[2019.04.20-02.58.34:126][  0]LogConfig: Setting CVar [[r.Tonemapper.GrainQuantization:1]]
[2019.04.20-02.58.34:126][  0]LogConfig: Setting CVar [[r.LightShaftQuality:1]]
[2019.04.20-02.58.34:126][  0]LogConfig: Setting CVar [[r.Filter.SizeScale:1]]
[2019.04.20-02.58.34:126][  0]LogConfig: Setting CVar [[r.Tonemapper.Quality:5]]
[2019.04.20-02.58.34:126][  0]LogConfig: Setting CVar [[r.DOF.Gather.AccumulatorQuality:1        ; higher gathering accumulator quality]]
[2019.04.20-02.58.34:126][  0]LogConfig: Setting CVar [[r.DOF.Gather.PostfilterMethod:1          ; Median3x3 postfilering method]]
[2019.04.20-02.58.34:126][  0]LogConfig: Setting CVar [[r.DOF.Gather.EnableBokehSettings:0       ; no bokeh simulation when gathering]]
[2019.04.20-02.58.34:126][  0]LogConfig: Setting CVar [[r.DOF.Gather.RingCount:4                 ; medium number of samples when gathering]]
[2019.04.20-02.58.34:126][  0]LogConfig: Setting CVar [[r.DOF.Scatter.ForegroundCompositing:1    ; additive foreground scattering]]
[2019.04.20-02.58.34:126][  0]LogConfig: Setting CVar [[r.DOF.Scatter.BackgroundCompositing:2    ; additive background scattering]]
[2019.04.20-02.58.34:126][  0]LogConfig: Setting CVar [[r.DOF.Scatter.EnableBokehSettings:1      ; bokeh simulation when scattering]]
[2019.04.20-02.58.34:126][  0]LogConfig: Setting CVar [[r.DOF.Scatter.MaxSpriteRatio:0.1         ; only a maximum of 10% of scattered bokeh]]
[2019.04.20-02.58.34:126][  0]LogConfig: Setting CVar [[r.DOF.Recombine.Quality:1                ; cheap slight out of focus]]
[2019.04.20-02.58.34:126][  0]LogConfig: Setting CVar [[r.DOF.Recombine.EnableBokehSettings:0    ; no bokeh simulation on slight out of focus]]
[2019.04.20-02.58.34:126][  0]LogConfig: Setting CVar [[r.DOF.TemporalAAQuality:1                ; more stable temporal accumulation]]
[2019.04.20-02.58.34:126][  0]LogConfig: Setting CVar [[r.DOF.Kernel.MaxForegroundRadius:0.025]]
[2019.04.20-02.58.34:126][  0]LogConfig: Setting CVar [[r.DOF.Kernel.MaxBackgroundRadius:0.025]]
[2019.04.20-02.58.34:126][  0]LogConfig: Applying CVar settings from Section [TextureQuality@3] File [D:/UnrealProjects/Rainbow-Murder-Death-Maze/Rnbw_Mrdr_Dth_Mz/Saved/Config/Windows/Scalability.ini]
[2019.04.20-02.58.34:126][  0]LogConfig: Setting CVar [[r.Streaming.MipBias:0]]
[2019.04.20-02.58.34:126][  0]LogConfig: Setting CVar [[r.Streaming.AmortizeCPUToGPUCopy:0]]
[2019.04.20-02.58.34:126][  0]LogConfig: Setting CVar [[r.Streaming.MaxNumTexturesToStreamPerFrame:0]]
[2019.04.20-02.58.34:126][  0]LogConfig: Setting CVar [[r.Streaming.Boost:1]]
[2019.04.20-02.58.34:126][  0]LogConfig: Setting CVar [[r.MaxAnisotropy:8]]
[2019.04.20-02.58.34:126][  0]LogConfig: Setting CVar [[r.Streaming.LimitPoolSizeToVRAM:0]]
[2019.04.20-02.58.34:126][  0]LogConfig: Setting CVar [[r.Streaming.PoolSize:1000]]
[2019.04.20-02.58.34:126][  0]LogConfig: Setting CVar [[r.Streaming.MaxEffectiveScreenSize:0]]
[2019.04.20-02.58.34:126][  0]LogConfig: Applying CVar settings from Section [EffectsQuality@3] File [D:/UnrealProjects/Rainbow-Murder-Death-Maze/Rnbw_Mrdr_Dth_Mz/Saved/Config/Windows/Scalability.ini]
[2019.04.20-02.58.34:126][  0]LogConfig: Setting CVar [[r.TranslucencyLightingVolumeDim:64]]
[2019.04.20-02.58.34:126][  0]LogConfig: Setting CVar [[r.RefractionQuality:2]]
[2019.04.20-02.58.34:126][  0]LogConfig: Setting CVar [[r.SSR.Quality:3]]
[2019.04.20-02.58.34:126][  0]LogConfig: Setting CVar [[r.SceneColorFormat:4]]
[2019.04.20-02.58.34:126][  0]LogConfig: Setting CVar [[r.DetailMode:2]]
[2019.04.20-02.58.34:126][  0]LogConfig: Setting CVar [[r.TranslucencyVolumeBlur:1]]
[2019.04.20-02.58.34:126][  0]LogConfig: Setting CVar [[r.MaterialQualityLevel:1 ; High quality]]
[2019.04.20-02.58.34:126][  0]LogConfig: Setting CVar [[r.SSS.Scale:1]]
[2019.04.20-02.58.34:126][  0]LogConfig: Setting CVar [[r.SSS.SampleSet:2]]
[2019.04.20-02.58.34:126][  0]LogConfig: Setting CVar [[r.SSS.Quality:1]]
[2019.04.20-02.58.34:126][  0]LogConfig: Setting CVar [[r.SSS.HalfRes:1]]
[2019.04.20-02.58.34:126][  0]LogConfig: Setting CVar [[r.EmitterSpawnRateScale:1.0]]
[2019.04.20-02.58.34:126][  0]LogConfig: Setting CVar [[r.ParticleLightQuality:2]]
[2019.04.20-02.58.34:126][  0]LogConfig: Applying CVar settings from Section [FoliageQuality@3] File [D:/UnrealProjects/Rainbow-Murder-Death-Maze/Rnbw_Mrdr_Dth_Mz/Saved/Config/Windows/Scalability.ini]
[2019.04.20-02.58.34:126][  0]LogConfig: Setting CVar [[foliage.DensityScale:1.0]]
[2019.04.20-02.58.34:126][  0]LogConfig: Setting CVar [[grass.DensityScale:1.0]]
[2019.04.20-02.58.34:126][  0]LogConfig: Applying CVar settings from Section [Startup] File [../../../Engine/Config/ConsoleVariables.ini]
[2019.04.20-02.58.34:131][  0]LogConfig: Setting CVar [[net.UseAdaptiveNetUpdateFrequency:0]]
[2019.04.20-02.58.34:131][  0]LogConfig: Applying CVar settings from Section [ConsoleVariables] File [D:/UnrealProjects/Rainbow-Murder-Death-Maze/Rnbw_Mrdr_Dth_Mz/Saved/Config/Windows/Engine.ini]
[2019.04.20-02.58.34:131][  0]LogInit: Computer: MIATHYRA
[2019.04.20-02.58.34:131][  0]LogInit: User: kaitl
[2019.04.20-02.58.34:131][  0]LogInit: CPU Page size=4096, Cores=6
[2019.04.20-02.58.34:131][  0]LogInit: High frequency timer resolution =10.000000 MHz
[2019.04.20-02.58.34:131][  0]LogMemory: Memory total: Physical=15.8GB (16GB approx)
[2019.04.20-02.58.34:131][  0]LogMemory: Platform Memory Stats for Windows
[2019.04.20-02.58.34:131][  0]LogMemory: Process Physical Memory: 104.56 MB used, 104.56 MB peak
[2019.04.20-02.58.34:131][  0]LogMemory: Process Virtual Memory: 102.34 MB used, 102.34 MB peak
[2019.04.20-02.58.34:131][  0]LogMemory: Physical Memory: 8917.26 MB used,  7309.59 MB free, 16226.86 MB total
[2019.04.20-02.58.34:131][  0]LogMemory: Virtual Memory: 4663.96 MB used,  134213064.00 MB free, 134217728.00 MB total
[2019.04.20-02.58.34:698][  0]LogInit: Using OS detected language (en-US).
[2019.04.20-02.58.34:698][  0]LogInit: Using OS detected locale (en-CA).
[2019.04.20-02.58.34:710][  0]LogTextLocalizationManager: No specific localization for 'en-US' exists, so the 'en' localization will be used.
[2019.04.20-02.58.35:354][  0]LogStreaming: Display: Took  0.656s to InitEngineTextLocalization.
[2019.04.20-02.58.35:354][  0]LogInit: Setting process to per monitor DPI aware
[2019.04.20-02.58.35:593][  0]LogSlate: New Slate User Created.  User Index 0, Is Virtual User: 0
[2019.04.20-02.58.35:593][  0]LogSlate: Slate User Registered.  User Index 0, Is Virtual User: 0
[2019.04.20-02.58.38:095][  0]LogHMD: Failed to initialize OpenVR with code 110
[2019.04.20-02.58.38:095][  0]LogD3D11RHI: D3D11 adapters:
[2019.04.20-02.58.38:194][  0]LogD3D11RHI:    0. 'NVIDIA GeForce GTX 1060' (Feature Level 11_0)
[2019.04.20-02.58.38:194][  0]LogD3D11RHI:       6052/0/8113 MB DedicatedVideo/DedicatedSystem/SharedSystem, Outputs:1, VendorId:0x10de
[2019.04.20-02.58.38:208][  0]LogD3D11RHI:    1. 'Intel(R) UHD Graphics 630' (Feature Level 11_0)
[2019.04.20-02.58.38:208][  0]LogD3D11RHI:       128/0/8113 MB DedicatedVideo/DedicatedSystem/SharedSystem, Outputs:0, VendorId:0x8086
[2019.04.20-02.58.38:220][  0]LogD3D11RHI:    2. 'Microsoft Basic Render Driver' (Feature Level 11_0)
[2019.04.20-02.58.38:220][  0]LogD3D11RHI:       0/0/8113 MB DedicatedVideo/DedicatedSystem/SharedSystem, Outputs:0, VendorId:0x1414
[2019.04.20-02.58.38:220][  0]LogD3D11RHI: Chosen D3D11 Adapter: 0
[2019.04.20-02.58.38:251][  0]LogD3D11RHI: Creating new Direct3DDevice
[2019.04.20-02.58.38:251][  0]LogD3D11RHI:     GPU DeviceId: 0x1c20 (for the marketing name, search the web for "GPU Device Id")
[2019.04.20-02.58.38:251][  0]LogWindows: EnumDisplayDevices:
[2019.04.20-02.58.38:251][  0]LogWindows:    0. 'Intel(R) UHD Graphics 630' (P:1 D:1)
[2019.04.20-02.58.38:252][  0]LogWindows:    1. 'Intel(R) UHD Graphics 630' (P:0 D:0)
[2019.04.20-02.58.38:252][  0]LogWindows:    2. 'Intel(R) UHD Graphics 630' (P:0 D:0)
[2019.04.20-02.58.38:253][  0]LogWindows:    3. 'NVIDIA GeForce GTX 1060' (P:0 D:0)
[2019.04.20-02.58.38:253][  0]LogWindows:    4. 'NVIDIA GeForce GTX 1060' (P:0 D:0)
[2019.04.20-02.58.38:254][  0]LogWindows:    5. 'NVIDIA GeForce GTX 1060' (P:0 D:0)
[2019.04.20-02.58.38:254][  0]LogWindows:    6. 'NVIDIA GeForce GTX 1060' (P:0 D:0)
[2019.04.20-02.58.38:254][  0]LogWindows: DebugString: PrimaryIsNotTheChoosenAdapter PrimaryIsNotTheChoosenAdapter PrimaryIsNotTheChoosenAdapter FoundDriverCount:4 
[2019.04.20-02.58.38:254][  0]LogD3D11RHI:     Adapter Name: NVIDIA GeForce GTX 1060
[2019.04.20-02.58.38:254][  0]LogD3D11RHI:   Driver Version: 399.01 (internal:24.21.13.9901, unified:399.01)
[2019.04.20-02.58.38:254][  0]LogD3D11RHI:      Driver Date: 8-13-2018
[2019.04.20-02.58.38:254][  0]LogRHI: Texture pool is 4236 MB (70% of 6052 MB)
[2019.04.20-02.58.38:292][  0]LogD3D11RHI: Async texture creation enabled
[2019.04.20-02.58.38:309][  0]LogD3D11RHI: GPU Timing Frequency: 1000.000000 (Debug: 2 2)
[2019.04.20-02.58.39:291][  0]LogTemp: Display: Loaded TP AllDesktopTargetPlatform
[2019.04.20-02.58.39:317][  0]LogTemp: Display: Loaded TP MacClientTargetPlatform
[2019.04.20-02.58.39:338][  0]LogTemp: Display: Loaded TP MacNoEditorTargetPlatform
[2019.04.20-02.58.39:362][  0]LogTemp: Display: Loaded TP MacServerTargetPlatform
[2019.04.20-02.58.39:393][  0]LogTemp: Display: Loaded TP MacTargetPlatform
[2019.04.20-02.58.39:413][  0]LogTemp: Display: Loaded TP WindowsClientTargetPlatform
[2019.04.20-02.58.39:430][  0]LogTemp: Display: Loaded TP WindowsNoEditorTargetPlatform
[2019.04.20-02.58.39:453][  0]LogTemp: Display: Loaded TP WindowsServerTargetPlatform
[2019.04.20-02.58.39:467][  0]LogTemp: Display: Loaded TP WindowsTargetPlatform
[2019.04.20-02.58.39:566][  0]LogTemp: Display: Loaded TP AndroidTargetPlatform
[2019.04.20-02.58.39:566][  0]LogTemp: Display: Loaded TP AndroidTargetPlatform
[2019.04.20-02.58.39:566][  0]LogTemp: Display: Loaded TP AndroidTargetPlatform
[2019.04.20-02.58.39:566][  0]LogTemp: Display: Loaded TP AndroidTargetPlatform
[2019.04.20-02.58.39:566][  0]LogTemp: Display: Loaded TP AndroidTargetPlatform
[2019.04.20-02.58.39:566][  0]LogTemp: Display: Loaded TP AndroidTargetPlatform
[2019.04.20-02.58.39:566][  0]LogTemp: Display: Loaded TP AndroidTargetPlatform
[2019.04.20-02.58.39:566][  0]LogTemp: Display: Loaded TP AndroidTargetPlatform
[2019.04.20-02.58.39:566][  0]LogTemp: Display: Loaded TP AndroidTargetPlatform
[2019.04.20-02.58.39:566][  0]LogTemp: Display: Loaded TP AndroidTargetPlatform
[2019.04.20-02.58.39:566][  0]LogTemp: Display: Loaded TP AndroidTargetPlatform
[2019.04.20-02.58.39:566][  0]LogTemp: Display: Loaded TP AndroidTargetPlatform
[2019.04.20-02.58.39:566][  0]LogTemp: Display: Loaded TP AndroidTargetPlatform
[2019.04.20-02.58.39:566][  0]LogTemp: Display: Loaded TP AndroidTargetPlatform
[2019.04.20-02.58.39:566][  0]LogTemp: Display: Loaded TP AndroidTargetPlatform
[2019.04.20-02.58.39:566][  0]LogTemp: Display: Loaded TP AndroidTargetPlatform
[2019.04.20-02.58.39:566][  0]LogTemp: Display: Loaded TP AndroidTargetPlatform
[2019.04.20-02.58.39:566][  0]LogTemp: Display: Loaded TP AndroidTargetPlatform
[2019.04.20-02.58.39:578][  0]LogTemp: Display: Loaded TP HTML5TargetPlatform
[2019.04.20-02.58.39:678][  0]LogTemp: Display: Loaded TP IOSTargetPlatform
[2019.04.20-02.58.39:678][  0]LogTemp: Display: Loaded TP IOSTargetPlatform
[2019.04.20-02.58.39:724][  0]LogTemp: Display: Loaded TP TVOSTargetPlatform
[2019.04.20-02.58.39:724][  0]LogTemp: Display: Loaded TP TVOSTargetPlatform
[2019.04.20-02.58.39:751][  0]LogTemp: Display: Loaded TP LinuxClientTargetPlatform
[2019.04.20-02.58.39:775][  0]LogTemp: Display: Loaded TP LinuxNoEditorTargetPlatform
[2019.04.20-02.58.39:796][  0]LogTemp: Display: Loaded TP LinuxServerTargetPlatform
[2019.04.20-02.58.39:844][  0]LogTemp: Display: Loaded TP LinuxTargetPlatform
[2019.04.20-02.58.39:906][  0]LogTemp: Display: Loaded TP LuminTargetPlatform
[2019.04.20-02.58.39:906][  0]LogTemp: Display: Loaded TP LuminTargetPlatform
[2019.04.20-02.58.39:906][  0]LogTargetPlatformManager: Display: Building Assets For Windows
[2019.04.20-02.58.40:282][  0]LogShaderCompilers: Guid format shader working directory is -27 characters bigger than the processId version (../../../../../UnrealProjects/Rainbow-Murder-Death-Maze/Rnbw_Mrdr_Dth_Mz/Intermediate/Shaders/WorkingDirectory/10616/).
[2019.04.20-02.58.40:283][  0]LogShaderCompilers: Cleaned the shader compiler working directory 'C:/Users/kaitl/AppData/Local/Temp/UnrealShaderWorkingDir/9ED3A9F944A567502E4E8E89A5A05C8F/'.
[2019.04.20-02.58.40:293][  0]LogXGEController: Cannot use XGE Controller as Incredibuild is not installed on this machine.
[2019.04.20-02.58.40:293][  0]LogShaderCompilers: Cannot use XGE Shader Compiler as Incredibuild is not installed on this machine.
[2019.04.20-02.58.40:293][  0]LogShaderCompilers: Display: Using Local Shader Compiler.
[2019.04.20-02.58.42:200][  0]LogDerivedDataCache: Display: Max Cache Size: 512 MB
[2019.04.20-02.58.42:467][  0]LogDerivedDataCache: Loaded boot cache 0.27s 71MB C:/Users/kaitl/AppData/Local/UnrealEngine/4.21/DerivedDataCache/Boot.ddc.
[2019.04.20-02.58.42:467][  0]LogDerivedDataCache: Display: Loaded Boot cache: C:/Users/kaitl/AppData/Local/UnrealEngine/4.21/DerivedDataCache/Boot.ddc
[2019.04.20-02.58.42:467][  0]LogDerivedDataCache: FDerivedDataBackendGraph:  Pak pak cache file ../../../../../UnrealProjects/Rainbow-Murder-Death-Maze/Rnbw_Mrdr_Dth_Mz/DerivedDataCache/DDC.ddp not found, will not use a pak cache.
[2019.04.20-02.58.42:467][  0]LogDerivedDataCache: Unable to find inner node Pak for hierarchical cache Hierarchy.
[2019.04.20-02.58.42:467][  0]LogDerivedDataCache: FDerivedDataBackendGraph:  CompressedPak pak cache file ../../../../../UnrealProjects/Rainbow-Murder-Death-Maze/Rnbw_Mrdr_Dth_Mz/DerivedDataCache/Compressed.ddp not found, will not use a pak cache.
[2019.04.20-02.58.42:467][  0]LogDerivedDataCache: Unable to find inner node CompressedPak for hierarchical cache Hierarchy.
[2019.04.20-02.58.42:496][  0]LogDerivedDataCache: Display: Pak cache opened for reading ../../../Engine/DerivedDataCache/Compressed.ddp.
[2019.04.20-02.58.42:496][  0]LogDerivedDataCache: FDerivedDataBackendGraph:  EnterprisePak pak cache file ../../../Enterprise/DerivedDataCache/Compressed.ddp not found, will not use a pak cache.
[2019.04.20-02.58.42:496][  0]LogDerivedDataCache: Unable to find inner node EnterprisePak for hierarchical cache Hierarchy.
[2019.04.20-02.58.42:508][  0]LogDerivedDataCache: Using Local data cache path C:/Users/kaitl/AppData/Local/UnrealEngine/Common/DerivedDataCache: Writable
[2019.04.20-02.58.42:508][  0]LogDerivedDataCache: Shared data cache path not found in *engine.ini, will not use an Shared cache.
[2019.04.20-02.58.42:508][  0]LogDerivedDataCache: Unable to find inner node Shared for hierarchical cache Hierarchy.
[2019.04.20-02.58.42:529][  0]LogMaterial: Verifying Global Shaders for PCD3D_SM5
[2019.04.20-02.58.42:531][  0]LogSlate: Using FreeType 2.6.0
[2019.04.20-02.58.42:568][  0]LogSlate: SlateFontServices - WITH_FREETYPE: 1, WITH_HARFBUZZ: 1
[2019.04.20-02.58.43:107][  0]LogAssetRegistry: FAssetRegistry took 0.0357 seconds to start up
[2019.04.20-02.58.44:086][  0]LogInit: Selected Device Profile: [Windows]
[2019.04.20-02.58.44:897][  0]LogSimplygon: Simplygon DLL not present - disabling.
[2019.04.20-02.58.44:945][  0]LogMeshReduction: Using SimplygonSwarm for distributed automatic mesh merging
[2019.04.20-02.58.44:946][  0]LogMeshReduction: Using ProxyLODMeshReduction for automatic mesh merging
[2019.04.20-02.58.44:946][  0]LogMeshReduction: Using QuadricMeshReduction for automatic static mesh reduction
[2019.04.20-02.58.44:946][  0]LogMeshReduction: No automatic skeletal mesh reduction module available
[2019.04.20-02.58.44:993][  0]LogNetVersion: Rnbw_Mrdr_Dth_Mz 1.0.0, NetCL: 4541578, EngineNetVer: 5, GameNetVer: 0 (Checksum: 3860807895)
[2019.04.20-02.58.46:313][  0]LogPackageLocalizationCache: Processed 11 localized package path(s) for 2 prioritized culture(s) in 0.112146 seconds
[2019.04.20-02.58.46:320][  0]LogUObjectArray: 39775 objects as part of root set at end of initial load.
[2019.04.20-02.58.46:320][  0]LogUObjectAllocator: 6914656 out of 0 bytes used by permanent object pool.
[2019.04.20-02.58.46:320][  0]LogUObjectArray: CloseDisregardForGC: 0/0 objects in disregard for GC pool
[2019.04.20-02.58.55:501][  0]LogTcpMessaging: Initializing TcpMessaging bridge
[2019.04.20-02.58.55:546][  0]LogUdpMessaging: Initializing bridge on interface 0.0.0.0:0 to multicast group 230.0.0.1:6666.
[2019.04.20-02.58.56:878][  0]SourceControl: Source control is disabled
[2019.04.20-02.58.56:879][  0]SourceControl: Source control is disabled
[2019.04.20-02.58.56:903][  0]SourceControl: Source control is disabled
[2019.04.20-02.58.56:961][  0]SourceControl: Source control is disabled
[2019.04.20-02.58.58:276][  0]LogAndroidPermission: UAndroidPermissionCallbackProxy::GetInstance
[2019.04.20-02.58.58:712][  0]LogOcInput: OculusInput pre-init called
[2019.04.20-02.58.59:232][  0]LogEngine: Initializing Engine...
[2019.04.20-02.58.59:256][  0]LogHMD: Failed to initialize OpenVR with code 110
[2019.04.20-02.58.59:257][  0]LogStats: UGameplayTagsManager::ConstructGameplayTagTree: ImportINI prefixes -  0.000 s
[2019.04.20-02.58.59:257][  0]LogStats: UGameplayTagsManager::ConstructGameplayTagTree: Construct from data asset -  0.000 s
[2019.04.20-02.58.59:257][  0]LogStats: UGameplayTagsManager::ConstructGameplayTagTree: ImportINI -  0.000 s
[2019.04.20-02.58.59:257][  0]LogStats: UGameplayTagsManager::ConstructGameplayTagTree: GameplayTagTreeChangedEvent.Broadcast -  0.000 s
[2019.04.20-02.58.59:624][  0]LogInit: Initializing FReadOnlyCVARCache
[2019.04.20-02.58.59:807][  0]LogAIModule: Creating AISystem for world Untitled
[2019.04.20-02.58.59:837][  0]LogInit: XAudio2 using 'Speakers (Realtek(R) Audio)' : 6 channels at 48 kHz using 32 bits per sample (channel mask 0x3f)
[2019.04.20-02.58.59:917][  0]LogInit: FAudioDevice initialized.
[2019.04.20-02.58.59:917][  0]LogNetVersion: Set ProjectVersion to 1.0.0.0. Version Checksum will be recalculated on next use.
[2019.04.20-02.59.00:088][  0]LogDerivedDataCache: Saved boot cache 0.17s 71MB C:/Users/kaitl/AppData/Local/UnrealEngine/4.21/DerivedDataCache/Boot.ddc.
[2019.04.20-02.59.00:092][  0]LogInit: Texture streaming: Enabled
[2019.04.20-02.59.00:216][  0]LogEngineSessionManager: EngineSessionManager initialized
[2019.04.20-02.59.00:314][  0]LogInit: Transaction tracking system initialized
[2019.04.20-02.59.00:647][  0]BlueprintLog: New page: Editor Load
[2019.04.20-02.59.01:497][  0]LocalizationService: Localization service is disabled
[2019.04.20-02.59.03:505][  0]LogCook: Display: Max memory allowance for cook 16384mb min free memory 0mb
[2019.04.20-02.59.03:505][  0]LogCook: Display: Mobile HDR setting 1
[2019.04.20-02.59.03:505][  0]LogGameplayTags: Display: UGameplayTagsManager::DoneAddingNativeTags. DelegateIsBound: 0
[2019.04.20-02.59.03:505][  0]LogStats: UGameplayTagsManager::ConstructGameplayTagTree: ImportINI prefixes -  0.000 s
[2019.04.20-02.59.03:505][  0]LogStats: UGameplayTagsManager::ConstructGameplayTagTree: Construct from data asset -  0.000 s
[2019.04.20-02.59.03:505][  0]LogStats: UGameplayTagsManager::ConstructGameplayTagTree: ImportINI -  0.000 s
[2019.04.20-02.59.03:505][  0]LogStats: UGameplayTagsManager::ConstructGameplayTagTree: GameplayTagTreeChangedEvent.Broadcast -  0.000 s
[2019.04.20-02.59.04:700][  0]LogFileCache: Scanning file cache for directory 'D:/UnrealProjects/Rainbow-Murder-Death-Maze/Rnbw_Mrdr_Dth_Mz/Content/' took 0.05s
[2019.04.20-02.59.05:357][  0]SourceControl: Source control is disabled
[2019.04.20-02.59.05:357][  0]Cmd: MAP LOAD FILE="../../../../../UnrealProjects/Rainbow-Murder-Death-Maze/Rnbw_Mrdr_Dth_Mz/Content/ThirdPersonBP/Maps/GameMap.umap" TEMPLATE=0 SHOWPROGRESS=1 FEATURELEVEL=3
[2019.04.20-02.59.05:360][  0]LightingResults: New page: Lighting Build
[2019.04.20-02.59.05:381][  0]MapCheck: New page: Map Check
[2019.04.20-02.59.05:381][  0]LightingResults: New page: Lighting Build
[2019.04.20-02.59.14:407][  0]LogAnimationCompression: Building Anim DDC data for AnimSequence /Game/ParagonPhase/Characters/Heroes/Phase/Animations/Death.Death
[2019.04.20-02.59.14:445][  0]LogAnimationCompression: Recompressing (AnimSequence /Game/ParagonPhase/Characters/Heroes/Phase/Animations/Death.Death) using current/default (AnimCompress_PerTrackCompression_0) bFirstRecompressUsingCurrentOrDefault(1) bTryAlternateCompressor(0) IsCompressedDataValid(0)
[2019.04.20-02.59.14:607][  0]LogAudioDerivedData: Display: Building compressed audio format OGG hash OGG wave StepOnStone...
[2019.04.20-02.59.14:735][  0]LogAudioDerivedData: Display: Updated SoundWave->RawPCMDataSize from 0 to 28544 while cooking SoundWave /Game/Audio/StepOnStone.StepOnStone.
[2019.04.20-02.59.15:864][  0]LogAudioDerivedData: Display: Building compressed audio format OGG hash OGG wave EvilLaugh...
[2019.04.20-02.59.15:938][  0]LogAudioDerivedData: Display: Updated SoundWave->RawPCMDataSize from 0 to 964432 while cooking SoundWave /Game/Audio/EvilLaugh.EvilLaugh.
[2019.04.20-02.59.16:050][  0]LogAIModule: Creating AISystem for world GameMap
[2019.04.20-02.59.16:088][  0]LogEditorServer: Finished looking for orphan Actors (0.000 secs)
[2019.04.20-02.59.16:122][  0]Cmd: MAP CHECKDEP NOCLEARLOG
[2019.04.20-02.59.16:122][  0]MapCheck: Map check complete: 0 Error(s), 0 Warning(s), took 0.098ms to complete.
[2019.04.20-02.59.16:122][  0]LogFileHelpers: Loading map 'GameMap' took 10.765
[2019.04.20-02.59.16:360][  0]LogSlate: Updating window title bar state: overlay mode, drag disabled, window buttons hidden, title bar hidden
[2019.04.20-02.59.16:366][  0]LogSlate: Updating window title bar state: overlay mode, drag disabled, window buttons hidden, title bar hidden
[2019.04.20-02.59.16:372][  0]LogSlate: Updating window title bar state: overlay mode, drag disabled, window buttons hidden, title bar hidden
[2019.04.20-02.59.16:378][  0]LogSlate: Updating window title bar state: overlay mode, drag disabled, window buttons hidden, title bar hidden
[2019.04.20-02.59.16:411][  0]LogCollectionManager: Loaded 0 collections in 0.003933 seconds
[2019.04.20-02.59.16:474][  0]LogFileCache: Scanning file cache for directory 'D:/UnrealProjects/Rainbow-Murder-Death-Maze/Rnbw_Mrdr_Dth_Mz/Saved/Collections/' took 0.01s
[2019.04.20-02.59.16:474][  0]LogFileCache: Scanning file cache for directory 'D:/UnrealProjects/Rainbow-Murder-Death-Maze/Rnbw_Mrdr_Dth_Mz/Content/Developers/kaitl/Collections/' took 0.00s
[2019.04.20-02.59.16:474][  0]LogFileCache: Scanning file cache for directory 'D:/UnrealProjects/Rainbow-Murder-Death-Maze/Rnbw_Mrdr_Dth_Mz/Content/Collections/' took 0.00s
[2019.04.20-02.59.16:474][  0]LogCollectionManager: Rebuilt the GUID cache for 0 collections in 0.000000 seconds
[2019.04.20-02.59.16:485][  0]LogContentBrowser: Native class hierarchy populated in 0.0111 seconds. Added 2651 classes and 620 folders.
[2019.04.20-02.59.16:534][  0]LogContentBrowser: Native class hierarchy updated for 'WidgetCarousel' in 0.0003 seconds. Added 0 classes and 0 folders.
[2019.04.20-02.59.16:569][  0]LogPakFile: Registered encryption key '00000000000000000000000000000000': 0 pak files mounted, 0 remain pending
[2019.04.20-02.59.16:603][  0]LogPakFile: Registered encryption key '00000000000000000000000000000000': 0 pak files mounted, 0 remain pending
[2019.04.20-02.59.16:637][  0]LogPakFile: Registered encryption key '00000000000000000000000000000000': 0 pak files mounted, 0 remain pending
[2019.04.20-02.59.16:654][  0]LogPakFile: Registered encryption key '00000000000000000000000000000000': 0 pak files mounted, 0 remain pending
[2019.04.20-02.59.16:659][  0]LogPakFile: Registered encryption key '00000000000000000000000000000000': 0 pak files mounted, 0 remain pending
[2019.04.20-02.59.16:666][  0]LogPakFile: Registered encryption key '00000000000000000000000000000000': 0 pak files mounted, 0 remain pending
[2019.04.20-02.59.16:677][  0]LogPakFile: Registered encryption key '00000000000000000000000000000000': 0 pak files mounted, 0 remain pending
[2019.04.20-02.59.16:696][  0]LogPakFile: Registered encryption key '00000000000000000000000000000000': 0 pak files mounted, 0 remain pending
[2019.04.20-02.59.16:717][  0]LogPakFile: Registered encryption key '00000000000000000000000000000000': 0 pak files mounted, 0 remain pending
[2019.04.20-02.59.16:762][  0]LogPakFile: Registered encryption key '00000000000000000000000000000000': 0 pak files mounted, 0 remain pending
[2019.04.20-02.59.16:766][  0]LogPakFile: Registered encryption key '00000000000000000000000000000000': 0 pak files mounted, 0 remain pending
[2019.04.20-02.59.16:770][  0]LogPakFile: Registered encryption key '00000000000000000000000000000000': 0 pak files mounted, 0 remain pending
[2019.04.20-02.59.16:774][  0]LogPakFile: Registered encryption key '00000000000000000000000000000000': 0 pak files mounted, 0 remain pending
[2019.04.20-02.59.16:787][  0]LogPakFile: Registered encryption key '00000000000000000000000000000000': 0 pak files mounted, 0 remain pending
[2019.04.20-02.59.16:798][  0]LogPakFile: Registered encryption key '00000000000000000000000000000000': 0 pak files mounted, 0 remain pending
[2019.04.20-02.59.16:802][  0]LogPakFile: Registered encryption key '00000000000000000000000000000000': 0 pak files mounted, 0 remain pending
[2019.04.20-02.59.16:824][  0]LogPakFile: Registered encryption key '00000000000000000000000000000000': 0 pak files mounted, 0 remain pending
[2019.04.20-02.59.16:829][  0]LogPakFile: Registered encryption key '00000000000000000000000000000000': 0 pak files mounted, 0 remain pending
[2019.04.20-02.59.16:833][  0]LogPakFile: Registered encryption key '00000000000000000000000000000000': 0 pak files mounted, 0 remain pending
[2019.04.20-02.59.16:837][  0]LogPakFile: Registered encryption key '00000000000000000000000000000000': 0 pak files mounted, 0 remain pending
[2019.04.20-02.59.16:867][  0]LogPakFile: Registered encryption key '00000000000000000000000000000000': 0 pak files mounted, 0 remain pending
[2019.04.20-02.59.16:883][  0]LogPakFile: Registered encryption key '00000000000000000000000000000000': 0 pak files mounted, 0 remain pending
[2019.04.20-02.59.16:887][  0]LogPakFile: Registered encryption key '00000000000000000000000000000000': 0 pak files mounted, 0 remain pending
[2019.04.20-02.59.16:905][  0]LogPakFile: Registered encryption key '00000000000000000000000000000000': 0 pak files mounted, 0 remain pending
[2019.04.20-02.59.16:909][  0]LogPakFile: Registered encryption key '00000000000000000000000000000000': 0 pak files mounted, 0 remain pending
[2019.04.20-02.59.16:914][  0]LogPakFile: Registered encryption key '00000000000000000000000000000000': 0 pak files mounted, 0 remain pending
[2019.04.20-02.59.17:735][  0]LogContentBrowser: Native class hierarchy updated for 'AddContentDialog' in 0.0002 seconds. Added 0 classes and 0 folders.
[2019.04.20-02.59.17:757][  0]LogContentBrowser: Native class hierarchy updated for 'SceneOutliner' in 0.0002 seconds. Added 1 classes and 2 folders.
[2019.04.20-02.59.18:018][  0]LogSlate: Took 0.026424 seconds to synchronously load lazily loaded font '../../../Engine/Content/Slate/Fonts/Roboto-Regular.ttf' (155K)
[2019.04.20-02.59.18:050][  0]LogSlate: Took 0.030337 seconds to synchronously load lazily loaded font '../../../Engine/Content/Slate/Fonts/Roboto-Bold.ttf' (160K)
[2019.04.20-02.59.18:070][  0]LogSlate: Took 0.016083 seconds to synchronously load lazily loaded font '../../../Engine/Content/Editor/Slate/Fonts/FontAwesome.ttf' (139K)
[2019.04.20-02.59.18:233][  0]LogRenderer: Reallocating scene render targets to support 968x456 Format 10 NumSamples 1 (Frame:1).
[2019.04.20-02.59.18:405][  0]LogContentBrowser: Native class hierarchy updated for 'HierarchicalLODOutliner' in 0.0003 seconds. Added 0 classes and 0 folders.
[2019.04.20-02.59.18:405][  0]LogLoad: (Engine Initialization) Total time: 52.24 seconds
[2019.04.20-02.59.18:405][  0]LogLoad: (Engine Initialization) Total Blueprint compile time: 0.00 seconds
[2019.04.20-02.59.18:490][  0]LogContentStreaming: Texture pool size now 1000 MB
[2019.04.20-02.59.18:619][  0]LogSlate: Took 0.055723 seconds to synchronously load lazily loaded font '../../../Engine/Content/Slate/Fonts/Roboto-Light.ttf' (167K)
[2019.04.20-02.59.20:580][  3]LogSlate: Took 0.000166 seconds to synchronously load lazily loaded font '../../../Engine/Content/Slate/Fonts/Roboto-Light.ttf' (167K)
[2019.04.20-02.59.20:585][  3]LogAssetEditorManager: Opening Asset editor for AnimMontage /Game/Animations/DeathMontage.DeathMontage
[2019.04.20-02.59.20:670][  3]LogContentBrowser: Native class hierarchy updated for 'SkeletonEditor' in 0.0003 seconds. Added 1 classes and 2 folders.
[2019.04.20-02.59.21:783][  3]LogActorComponent: RegisterComponentWithWorld: (/Engine/Transient.World_2:PersistentLevel.AnimationEditorPreviewActor_0.DebugSkelMeshComponent_0) Already registered. Aborting.
[2019.04.20-02.59.21:940][  3]LogContentBrowser: Native class hierarchy updated for 'PinnedCommandList' in 0.0003 seconds. Added 1 classes and 0 folders.
[2019.04.20-02.59.22:197][  3]LogSkeletalMesh: USkeletalMeshComponent::InitArticulated : Bodies already created (/Engine/Transient.World_2:PersistentLevel.AnimationEditorPreviewActor_0.DebugSkelMeshComponent_0) - call TermArticulated first.
[2019.04.20-02.59.23:328][  3]LogAssetEditorManager: Opening Asset editor for Blueprint /Game/ProceduralRooms/Rooms/Room_Straight_Fire_BP.Room_Straight_Fire_BP
[2019.04.20-02.59.23:635][  3]LogContentBrowser: Native class hierarchy updated for 'BlueprintGraph' in 0.0005 seconds. Added 117 classes and 0 folders.
[2019.04.20-02.59.24:515][  3]LogAssetEditorManager: Opening Asset editor for Blueprint /Game/ThirdPersonBP/Blueprints/AdventurerCharacter.AdventurerCharacter
[2019.04.20-02.59.24:793][  3]LogAssetEditorManager: Opening Asset editor for Blueprint /Game/ThirdPersonBP/Blueprints/ProcedurallyGeneratedGameMode.ProcedurallyGeneratedGameMode
[2019.04.20-02.59.25:083][  3]LogAssetEditorManager: Opening Asset editor for AnimBlueprint /Game/Animations/Phase_AnimBP.Phase_AnimBP
[2019.04.20-02.59.25:193][  3]LogActorComponent: RegisterComponentWithWorld: (/Engine/Transient.World_8:PersistentLevel.AnimationEditorPreviewActor_0.DebugSkelMeshComponent_0) Already registered. Aborting.
[2019.04.20-02.59.25:440][  3]LogSkeletalMesh: USkeletalMeshComponent::InitArticulated : Bodies already created (/Engine/Transient.World_8:PersistentLevel.AnimationEditorPreviewActor_0.DebugSkelMeshComponent_0) - call TermArticulated first.
[2019.04.20-02.59.25:683][  3]LogFileCache: Retrieving MD5 hashes for directory 'D:/UnrealProjects/Rainbow-Murder-Death-Maze/Rnbw_Mrdr_Dth_Mz/Content/' took 7.25s
[2019.04.20-02.59.25:945][  3]LogSlate: Took 0.017674 seconds to synchronously load lazily loaded font '../../../Engine/Content/Slate/Fonts/Roboto-BoldCondensed.ttf' (158K)
[2019.04.20-02.59.25:999][  3]LogContentBrowser: Native class hierarchy updated for 'ClothingSystemEditorInterface' in 0.0002 seconds. Added 1 classes and 0 folders.
[2019.04.20-02.59.26:223][  3]LogContentBrowser: Verbose: The majority of assets in the view are of type: AnimSequence
[2019.04.20-02.59.26:447][  4]LogSlate: Took 0.043428 seconds to synchronously load lazily loaded font '../../../Engine/Content/Slate/Fonts/Roboto-Italic.ttf' (157K)
[2019.04.20-02.59.45:771][198]LogAssetRegistry: Asset discovery search completed in 62.6874 seconds
[2019.04.20-02.59.45:778][198]LogCollectionManager: Rebuilt the object cache for 0 collections in 0.000000 seconds (found 0 objects)
[2019.04.20-02.59.45:778][198]LogCollectionManager: Fixed up redirectors for 0 collections in 0.000049 seconds (updated 0 objects)
[2019.04.20-03.01.53:789][716]LogSlate: FSceneViewport::OnFocusLost() reason 0
[2019.04.20-03.01.55:202][848]LogSlate: Window 'Room_Straight_Fire_BP' being destroyed
[2019.04.20-03.04.35:630][567]BlueprintLog: New page: Compile ProcedurallyGeneratedGameMode
[2019.04.20-03.04.37:228][633]LogSavePackage: Moving '../../../../../UnrealProjects/Rainbow-Murder-Death-Maze/Rnbw_Mrdr_Dth_Mz/Saved/ProcedurallyGeneratedGameMode378F74D544EADA882BBE108BA1A5E022.tmp' to '../../../../../UnrealProjects/Rainbow-Murder-Death-Maze/Rnbw_Mrdr_Dth_Mz/Content/ThirdPersonBP/Blueprints/ProcedurallyGeneratedGameMode.uasset'
[2019.04.20-03.08.02:097][761]BlueprintLog: New page: Compile ProcedurallyGeneratedGameMode
[2019.04.20-03.08.02:980][818]LogSavePackage: Moving '../../../../../UnrealProjects/Rainbow-Murder-Death-Maze/Rnbw_Mrdr_Dth_Mz/Saved/ProcedurallyGeneratedGameMode620E2B93423710B50C9629B7B5DAFF90.tmp' to '../../../../../UnrealProjects/Rainbow-Murder-Death-Maze/Rnbw_Mrdr_Dth_Mz/Content/ThirdPersonBP/Blueprints/ProcedurallyGeneratedGameMode.uasset'
[2019.04.20-03.08.06:256][202]LogTemp: Repeating last play command: Selected Viewport
[2019.04.20-03.08.06:281][202]LogBlueprintUserMessages: Early PlayInEditor Detection: Level '/Game/ThirdPersonBP/Maps/GameMap.GameMap:PersistentLevel' has LevelScriptBlueprint '/Game/ThirdPersonBP/Maps/GameMap.GameMap:PersistentLevel.GameMap' with GeneratedClass '/Game/ThirdPersonBP/Maps/GameMap.GameMap_C' with ClassGeneratedBy '/Game/ThirdPersonBP/Maps/GameMap.GameMap:PersistentLevel.GameMap'
[2019.04.20-03.08.06:281][202]LogPlayLevel: PlayLevel: No blueprints needed recompiling
[2019.04.20-03.08.06:349][202]PIE: New page: PIE session: GameMap (Apr 19, 2019, 7:08:06 PM)
[2019.04.20-03.08.06:361][202]LogPlayLevel: Creating play world package: /Game/ThirdPersonBP/Maps/UEDPIE_0_GameMap
[2019.04.20-03.08.06:364][202]LogPlayLevel: PIE: StaticDuplicateObject took: (0.002609s)
[2019.04.20-03.08.06:365][202]LogAIModule: Creating AISystem for world GameMap
[2019.04.20-03.08.06:365][202]LogPlayLevel: PIE: World Init took: (0.000828s)
[2019.04.20-03.08.06:365][202]LogPlayLevel: PIE: Created PIE world by copying editor world from /Game/ThirdPersonBP/Maps/GameMap.GameMap to /Game/ThirdPersonBP/Maps/UEDPIE_0_GameMap.GameMap (0.003940s)
[2019.04.20-03.08.06:406][202]LogInit: XAudio2 using 'Speakers (Realtek(R) Audio)' : 6 channels at 48 kHz using 32 bits per sample (channel mask 0x3f)
[2019.04.20-03.08.06:487][202]LogInit: FAudioDevice initialized.
[2019.04.20-03.08.06:527][202]LogLoad: Game class is 'ProcedurallyGeneratedGameMode_C'
[2019.04.20-03.08.06:529][202]LogWorld: Bringing World /Game/ThirdPersonBP/Maps/UEDPIE_0_GameMap.GameMap up for play (max tick rate 0) at 2019.04.19-23.08.06
[2019.04.20-03.08.06:529][202]LogWorld: Bringing up level for play took: 0.000457
[2019.04.20-03.08.06:581][202]LogContentBrowser: Native class hierarchy updated for 'MovieSceneCapture' in 0.0003 seconds. Added 20 classes and 0 folders.
[2019.04.20-03.08.06:651][202]LogBlueprintUserMessages: [ProcedurallyGeneratedGameMode_C_0] dead end
[2019.04.20-03.08.06:655][202]LogBlueprintUserMessages: [ProcedurallyGeneratedGameMode_C_0] dead end
[2019.04.20-03.08.06:659][202]LogBlueprintUserMessages: [ProcedurallyGeneratedGameMode_C_0] dead end
[2019.04.20-03.08.06:690][202]PIE: Play in editor start time for /Game/ThirdPersonBP/Maps/UEDPIE_0_GameMap 0.564
[2019.04.20-03.08.06:690][202]LogBlueprintUserMessages: Late PlayInEditor Detection: Level '/Game/ThirdPersonBP/Maps/GameMap.GameMap:PersistentLevel' has LevelScriptBlueprint '/Game/ThirdPersonBP/Maps/GameMap.GameMap:PersistentLevel.GameMap' with GeneratedClass '/Game/ThirdPersonBP/Maps/GameMap.GameMap_C' with ClassGeneratedBy '/Game/ThirdPersonBP/Maps/GameMap.GameMap:PersistentLevel.GameMap'
[2019.04.20-03.08.10:058][581]LogBlueprintUserMessages: Early EndPlayMap Detection: Level '/Game/ThirdPersonBP/Maps/GameMap.GameMap:PersistentLevel' has LevelScriptBlueprint '/Game/ThirdPersonBP/Maps/GameMap.GameMap:PersistentLevel.GameMap' with GeneratedClass '/Game/ThirdPersonBP/Maps/GameMap.GameMap_C' with ClassGeneratedBy '/Game/ThirdPersonBP/Maps/GameMap.GameMap:PersistentLevel.GameMap'
[2019.04.20-03.08.10:059][581]LogSlate: Updating window title bar state: overlay mode, drag disabled, window buttons hidden, title bar hidden
[2019.04.20-03.08.10:099][581]LogPlayLevel: Display: Shutting down PIE online subsystems
[2019.04.20-03.08.10:100][581]LogBlueprintUserMessages: Late EndPlayMap Detection: Level '/Game/ThirdPersonBP/Maps/GameMap.GameMap:PersistentLevel' has LevelScriptBlueprint '/Game/ThirdPersonBP/Maps/GameMap.GameMap:PersistentLevel.GameMap' with GeneratedClass '/Game/ThirdPersonBP/Maps/GameMap.GameMap_C' with ClassGeneratedBy '/Game/ThirdPersonBP/Maps/GameMap.GameMap:PersistentLevel.GameMap'
[2019.04.20-03.08.10:175][581]LogSlate: Updating window title bar state: overlay mode, drag disabled, window buttons hidden, title bar hidden
[2019.04.20-03.08.10:191][582]LogPlayLevel: Display: Destroying online subsystem :Context_15
[2019.04.20-03.08.11:049][677]MapCheck: New page: Map Check
[2019.04.20-03.08.11:077][677]Cmd: MAP REBUILD ALLVISIBLE
[2019.04.20-03.08.11:086][677]LogEditorServer: Rebuildmap Clear paths rebuilt
[2019.04.20-03.08.11:391][677]LogMaterial: Display: Missing cached shader map for material FDebugViewModeMaterialProxy MaterialInstanceDynamic_0, compiling. 
[2019.04.20-03.08.12:719][677]LogShaderCompilers: Display: Shaders left to compile 1
[2019.04.20-03.08.12:719][677]TextureStreamingBuild: Display: Compiling optional shaders took 1.333 seconds.
[2019.04.20-03.08.12:743][677]LogLevel: Display: Export Material TexCoord Scales took 0.024 seconds.
[2019.04.20-03.08.12:774][677]TextureStreamingBuild: Display: Build Texture Streaming took 0.030 seconds.
[2019.04.20-03.08.12:826][677]LightingResults: New page: Lighting Build - Apr 19, 2019, 7:08:12 PM
[2019.04.20-03.08.13:031][677]LogSwarmInterface: [OpenConnection] Registering TCP channel ...
[2019.04.20-03.08.13:358][677]LogSwarmInterface: [OpenConnection] Connecting to agent ...
[2019.04.20-03.08.13:384][677]LogSwarmInterface: [TryOpenConnection] Testing the Agent
[2019.04.20-03.08.14:442][677]LogSwarmInterface: [TryOpenConnection] Opening Connection to Agent
[2019.04.20-03.08.14:442][677]LogSwarmInterface: [TryOpenConnection] Local Process ID is 10616
[2019.04.20-03.08.19:283][677]LogStaticLightingSystem: Warning: No importance volume found, so the scene bounding box was used.  You can optimize your scene's quality and lighting build times by adding importance volumes.
[2019.04.20-03.08.19:300][677]LogStaticLightingSystem: Running Lightmass w/ ImmediateImport mode ENABLED
[2019.04.20-03.08.19:300][677]LogStaticLightingSystem: Running Lightmass w/ ImmediateProcess mode ENABLED
[2019.04.20-03.08.19:300][677]LogStaticLightingSystem: Running Lightmass w/ Sorting mode ENABLED
[2019.04.20-03.08.19:300][677]LogStaticLightingSystem: Running Lightmass w/ Mapping paddings ENABLED
[2019.04.20-03.08.19:300][677]LogStaticLightingSystem: Running Lightmass w/ Mapping debug paddings DISABLED
[2019.04.20-03.08.19:534][677]Cmd: MAP CHECK DONTDISPLAYDIALOG
[2019.04.20-03.08.19:534][677]MapCheck: New page: GameMap - Apr 19, 2019, 7:08:19 PM
[2019.04.20-03.08.19:561][677]MapCheck: Map check complete: 0 Error(s), 0 Warning(s), took 25.962ms to complete.
[2019.04.20-03.08.19:592][677]LogEditorBuildUtils: Build time 0:08
[2019.04.20-03.08.22:375][857]Job is a success!
[2019.04.20-03.08.22:456][859]LogVolumetricLightmapImport: Imported Volumetric Lightmap in 0.013s
[2019.04.20-03.08.22:456][859]LogVolumetricLightmapImport:      Indirection Texture 16x16x16 = 0.0Mb
[2019.04.20-03.08.22:456][859]LogVolumetricLightmapImport:      BrickData 5x5x5 = 0.0Mb
[2019.04.20-03.08.22:456][859]LogVolumetricLightmapImport:      Bricks at Level
[2019.04.20-03.08.22:456][859]LogVolumetricLightmapImport:          0: 100.0% covering 100.0% of volume
[2019.04.20-03.08.22:456][859]LogVolumetricLightmapImport:          1: 0.0% covering 0.0% of volume
[2019.04.20-03.08.22:456][859]LogVolumetricLightmapImport:          2: 0.0% covering 0.0% of volume
[2019.04.20-03.08.22:555][859]LogTexture: Display: Building textures: HQ_Lightmap0_1 (AutoDXT, 64X64)
[2019.04.20-03.08.22:555][859]LogTexture: Display: Building textures: LQ_Lightmap_0_1 (DXT1, 64X64)
[2019.04.20-03.08.22:609][859]Lightmass on MIATHYRA: 1.51 sec total, 170 ms importing, 25 ms setup, 700 ms photons, 600 ms processing, 0 ms extra exporting [1/1 mappings]. Threads: 6.11 sec total, 72 ms processing.
[2019.04.20-03.08.22:683][859]LogStaticLightingSystem: Illumination: 9.83 sec (23 ms encoding lightmaps, 6 ms encoding shadowmaps)
[2019.04.20-03.08.22:683][859]LogStaticLightingSystem: Lightmap texture memory:  0.0 MB (0.0 MB streaming, 0.0 MB non-streaming), 2 textures
[2019.04.20-03.08.22:683][859]LogStaticLightingSystem: Shadowmap texture memory: 0.0 MB (0.0 MB streaming, 0.0 MB non-streaming), 0 textures
[2019.04.20-03.08.23:267][859]DumpUnbuiltLightIteractions
[2019.04.20-03.08.23:267][859]Lights with unbuilt interactions: 0
[2019.04.20-03.08.23:267][859]
[2019.04.20-03.08.23:267][859]Primitives with unbuilt interactions: 0
[2019.04.20-03.08.23:350][860]Cmd: MAP CHECK NOTIFYRESULTS
[2019.04.20-03.08.23:350][860]MapCheck: New page: GameMap - Apr 19, 2019, 7:08:23 PM
[2019.04.20-03.08.23:351][860]MapCheck: Map check complete: 0 Error(s), 0 Warning(s), took 0.405ms to complete.
[2019.04.20-03.09.14:474][924]LogTemp: Repeating last play command: Selected Viewport
[2019.04.20-03.09.14:499][924]LogBlueprintUserMessages: Early PlayInEditor Detection: Level '/Game/ThirdPersonBP/Maps/GameMap.GameMap:PersistentLevel' has LevelScriptBlueprint '/Game/ThirdPersonBP/Maps/GameMap.GameMap:PersistentLevel.GameMap' with GeneratedClass '/Game/ThirdPersonBP/Maps/GameMap.GameMap_C' with ClassGeneratedBy '/Game/ThirdPersonBP/Maps/GameMap.GameMap:PersistentLevel.GameMap'
[2019.04.20-03.09.14:499][924]LogPlayLevel: PlayLevel: No blueprints needed recompiling
[2019.04.20-03.09.14:499][924]PIE: New page: PIE session: GameMap (Apr 19, 2019, 7:09:14 PM)
[2019.04.20-03.09.14:499][924]LogPlayLevel: Creating play world package: /Game/ThirdPersonBP/Maps/UEDPIE_0_GameMap
[2019.04.20-03.09.14:501][924]LogPlayLevel: PIE: StaticDuplicateObject took: (0.002029s)
[2019.04.20-03.09.14:502][924]LogAIModule: Creating AISystem for world GameMap
[2019.04.20-03.09.14:502][924]LogPlayLevel: PIE: World Init took: (0.000583s)
[2019.04.20-03.09.14:502][924]LogPlayLevel: PIE: Created PIE world by copying editor world from /Game/ThirdPersonBP/Maps/GameMap.GameMap to /Game/ThirdPersonBP/Maps/UEDPIE_0_GameMap.GameMap (0.002722s)
[2019.04.20-03.09.14:539][924]LogInit: XAudio2 using 'Speakers (Realtek(R) Audio)' : 6 channels at 48 kHz using 32 bits per sample (channel mask 0x3f)
[2019.04.20-03.09.14:601][924]LogInit: FAudioDevice initialized.
[2019.04.20-03.09.14:635][924]LogLoad: Game class is 'ProcedurallyGeneratedGameMode_C'
[2019.04.20-03.09.14:636][924]LogWorld: Bringing World /Game/ThirdPersonBP/Maps/UEDPIE_0_GameMap.GameMap up for play (max tick rate 0) at 2019.04.19-23.09.14
[2019.04.20-03.09.14:636][924]LogWorld: Bringing up level for play took: 0.000395
[2019.04.20-03.09.14:716][924]LogBlueprintUserMessages: [ProcedurallyGeneratedGameMode_C_0] invalid spawn point
[2019.04.20-03.09.14:725][924]LogBlueprintUserMessages: [ProcedurallyGeneratedGameMode_C_0] dead end
[2019.04.20-03.09.14:729][924]LogBlueprintUserMessages: [ProcedurallyGeneratedGameMode_C_0] dead end
[2019.04.20-03.09.14:733][924]LogBlueprintUserMessages: [ProcedurallyGeneratedGameMode_C_0] dead end
[2019.04.20-03.09.14:733][924]LogBlueprintUserMessages: [ProcedurallyGeneratedGameMode_C_0] invalid spawn point
[2019.04.20-03.09.14:733][924]LogBlueprintUserMessages: [ProcedurallyGeneratedGameMode_C_0] dead end
[2019.04.20-03.09.14:737][924]LogBlueprintUserMessages: [ProcedurallyGeneratedGameMode_C_0] dead end
[2019.04.20-03.09.14:741][924]LogBlueprintUserMessages: [ProcedurallyGeneratedGameMode_C_0] dead end
[2019.04.20-03.09.14:744][924]PIE: Play in editor start time for /Game/ThirdPersonBP/Maps/UEDPIE_0_GameMap 0.618
[2019.04.20-03.09.14:745][924]LogBlueprintUserMessages: Late PlayInEditor Detection: Level '/Game/ThirdPersonBP/Maps/GameMap.GameMap:PersistentLevel' has LevelScriptBlueprint '/Game/ThirdPersonBP/Maps/GameMap.GameMap:PersistentLevel.GameMap' with GeneratedClass '/Game/ThirdPersonBP/Maps/GameMap.GameMap_C' with ClassGeneratedBy '/Game/ThirdPersonBP/Maps/GameMap.GameMap:PersistentLevel.GameMap'
[2019.04.20-03.13.00:529][918]LogBlueprintUserMessages: [ProcedurallyGeneratedGameMode_C_0] invalid spawn point
[2019.04.20-03.13.00:580][918]LogBlueprintUserMessages: [ProcedurallyGeneratedGameMode_C_0] invalid spawn point
[2019.04.20-03.13.00:589][918]LogBlueprintUserMessages: [ProcedurallyGeneratedGameMode_C_0] dead end
[2019.04.20-03.13.00:593][918]LogBlueprintUserMessages: [ProcedurallyGeneratedGameMode_C_0] dead end
[2019.04.20-03.13.00:596][918]LogBlueprintUserMessages: [ProcedurallyGeneratedGameMode_C_0] dead end
[2019.04.20-03.13.00:596][918]LogBlueprintUserMessages: [ProcedurallyGeneratedGameMode_C_0] invalid spawn point
[2019.04.20-03.13.00:597][918]LogBlueprintUserMessages: [ProcedurallyGeneratedGameMode_C_0] dead end
[2019.04.20-03.13.00:601][918]LogBlueprintUserMessages: [ProcedurallyGeneratedGameMode_C_0] dead end
[2019.04.20-03.13.00:601][918]LogBlueprintUserMessages: [ProcedurallyGeneratedGameMode_C_0] invalid spawn point
[2019.04.20-03.13.00:602][918]LogBlueprintUserMessages: [ProcedurallyGeneratedGameMode_C_0] dead end
[2019.04.20-03.13.00:602][918]LogBlueprintUserMessages: [ProcedurallyGeneratedGameMode_C_0] invalid spawn point
[2019.04.20-03.13.00:602][918]LogBlueprintUserMessages: [ProcedurallyGeneratedGameMode_C_0] dead end
[2019.04.20-03.13.00:603][918]LogBlueprintUserMessages: [ProcedurallyGeneratedGameMode_C_0] invalid spawn point
[2019.04.20-03.13.00:603][918]LogBlueprintUserMessages: [ProcedurallyGeneratedGameMode_C_0] dead end
[2019.04.20-03.13.00:607][918]LogBlueprintUserMessages: [ProcedurallyGeneratedGameMode_C_0] dead end
[2019.04.20-03.13.00:611][918]LogBlueprintUserMessages: [ProcedurallyGeneratedGameMode_C_0] dead end
[2019.04.20-03.13.00:611][918]LogBlueprintUserMessages: [ProcedurallyGeneratedGameMode_C_0] invalid spawn point
[2019.04.20-03.13.00:612][918]LogBlueprintUserMessages: [ProcedurallyGeneratedGameMode_C_0] dead end
[2019.04.20-03.13.00:616][918]LogBlueprintUserMessages: [ProcedurallyGeneratedGameMode_C_0] dead end
[2019.04.20-03.13.48:318][274]LogBlueprintUserMessages: [ProcedurallyGeneratedGameMode_C_0] invalid spawn point
[2019.04.20-03.13.48:331][274]LogBlueprintUserMessages: [ProcedurallyGeneratedGameMode_C_0] dead end
[2019.04.20-03.13.48:335][274]LogBlueprintUserMessages: [ProcedurallyGeneratedGameMode_C_0] dead end
[2019.04.20-03.13.48:339][274]LogBlueprintUserMessages: [ProcedurallyGeneratedGameMode_C_0] dead end
[2019.04.20-03.14.18:627][346]LogSlate: FSceneViewport::OnFocusLost() reason 0
[2019.04.20-03.14.20:293][439]LogBlueprintUserMessages: Early EndPlayMap Detection: Level '/Game/ThirdPersonBP/Maps/GameMap.GameMap:PersistentLevel' has LevelScriptBlueprint '/Game/ThirdPersonBP/Maps/GameMap.GameMap:PersistentLevel.GameMap' with GeneratedClass '/Game/ThirdPersonBP/Maps/GameMap.GameMap_C' with ClassGeneratedBy '/Game/ThirdPersonBP/Maps/GameMap.GameMap:PersistentLevel.GameMap'
[2019.04.20-03.14.20:294][439]LogSlate: Updating window title bar state: overlay mode, drag disabled, window buttons hidden, title bar hidden
[2019.04.20-03.14.20:335][439]LogPlayLevel: Display: Shutting down PIE online subsystems
[2019.04.20-03.14.20:335][439]LogBlueprintUserMessages: Late EndPlayMap Detection: Level '/Game/ThirdPersonBP/Maps/GameMap.GameMap:PersistentLevel' has LevelScriptBlueprint '/Game/ThirdPersonBP/Maps/GameMap.GameMap:PersistentLevel.GameMap' with GeneratedClass '/Game/ThirdPersonBP/Maps/GameMap.GameMap_C' with ClassGeneratedBy '/Game/ThirdPersonBP/Maps/GameMap.GameMap:PersistentLevel.GameMap'
[2019.04.20-03.14.20:376][439]LogSlate: Updating window title bar state: overlay mode, drag disabled, window buttons hidden, title bar hidden
[2019.04.20-03.14.20:407][441]LogPlayLevel: Display: Destroying online subsystem :Context_16
[2019.04.20-03.14.21:357][498]LogTemp: Repeating last play command: Selected Viewport
[2019.04.20-03.14.21:379][498]LogBlueprintUserMessages: Early PlayInEditor Detection: Level '/Game/ThirdPersonBP/Maps/GameMap.GameMap:PersistentLevel' has LevelScriptBlueprint '/Game/ThirdPersonBP/Maps/GameMap.GameMap:PersistentLevel.GameMap' with GeneratedClass '/Game/ThirdPersonBP/Maps/GameMap.GameMap_C' with ClassGeneratedBy '/Game/ThirdPersonBP/Maps/GameMap.GameMap:PersistentLevel.GameMap'
[2019.04.20-03.14.21:380][498]LogPlayLevel: PlayLevel: No blueprints needed recompiling
[2019.04.20-03.14.21:380][498]PIE: New page: PIE session: GameMap (Apr 19, 2019, 7:14:21 PM)
[2019.04.20-03.14.21:380][498]LogPlayLevel: Creating play world package: /Game/ThirdPersonBP/Maps/UEDPIE_0_GameMap
[2019.04.20-03.14.21:382][498]LogPlayLevel: PIE: StaticDuplicateObject took: (0.002027s)
[2019.04.20-03.14.21:382][498]LogAIModule: Creating AISystem for world GameMap
[2019.04.20-03.14.21:382][498]LogPlayLevel: PIE: World Init took: (0.000539s)
[2019.04.20-03.14.21:382][498]LogPlayLevel: PIE: Created PIE world by copying editor world from /Game/ThirdPersonBP/Maps/GameMap.GameMap to /Game/ThirdPersonBP/Maps/UEDPIE_0_GameMap.GameMap (0.002685s)
[2019.04.20-03.14.21:423][498]LogInit: XAudio2 using 'Speakers (Realtek(R) Audio)' : 6 channels at 48 kHz using 32 bits per sample (channel mask 0x3f)
[2019.04.20-03.14.21:485][498]LogInit: FAudioDevice initialized.
[2019.04.20-03.14.21:520][498]LogLoad: Game class is 'ProcedurallyGeneratedGameMode_C'
[2019.04.20-03.14.21:521][498]LogWorld: Bringing World /Game/ThirdPersonBP/Maps/UEDPIE_0_GameMap.GameMap up for play (max tick rate 60) at 2019.04.19-23.14.21
[2019.04.20-03.14.21:522][498]LogWorld: Bringing up level for play took: 0.000405
[2019.04.20-03.14.21:574][498]LogBlueprintUserMessages: [ProcedurallyGeneratedGameMode_C_0] invalid spawn point
[2019.04.20-03.14.21:588][498]LogBlueprintUserMessages: [ProcedurallyGeneratedGameMode_C_0] invalid spawn point
[2019.04.20-03.14.21:593][498]LogBlueprintUserMessages: [ProcedurallyGeneratedGameMode_C_0] invalid spawn point
[2019.04.20-03.14.21:618][498]LogBlueprintUserMessages: [ProcedurallyGeneratedGameMode_C_0] dead end
[2019.04.20-03.14.21:622][498]LogBlueprintUserMessages: [ProcedurallyGeneratedGameMode_C_0] dead end
[2019.04.20-03.14.21:622][498]LogBlueprintUserMessages: [ProcedurallyGeneratedGameMode_C_0] invalid spawn point
[2019.04.20-03.14.21:622][498]LogBlueprintUserMessages: [ProcedurallyGeneratedGameMode_C_0] dead end
[2019.04.20-03.14.21:622][498]LogBlueprintUserMessages: [ProcedurallyGeneratedGameMode_C_0] invalid spawn point
[2019.04.20-03.14.21:623][498]LogBlueprintUserMessages: [ProcedurallyGeneratedGameMode_C_0] dead end
[2019.04.20-03.14.21:627][498]LogBlueprintUserMessages: [ProcedurallyGeneratedGameMode_C_0] dead end
[2019.04.20-03.14.21:630][498]LogBlueprintUserMessages: [ProcedurallyGeneratedGameMode_C_0] dead end
[2019.04.20-03.14.21:634][498]LogBlueprintUserMessages: [ProcedurallyGeneratedGameMode_C_0] dead end
[2019.04.20-03.14.21:637][498]LogBlueprintUserMessages: [ProcedurallyGeneratedGameMode_C_0] dead end
[2019.04.20-03.14.21:637][498]LogBlueprintUserMessages: [ProcedurallyGeneratedGameMode_C_0] invalid spawn point
[2019.04.20-03.14.21:638][498]LogBlueprintUserMessages: [ProcedurallyGeneratedGameMode_C_0] dead end
[2019.04.20-03.14.21:642][498]PIE: Play in editor start time for /Game/ThirdPersonBP/Maps/UEDPIE_0_GameMap -0.485
[2019.04.20-03.14.21:642][498]LogBlueprintUserMessages: Late PlayInEditor Detection: Level '/Game/ThirdPersonBP/Maps/GameMap.GameMap:PersistentLevel' has LevelScriptBlueprint '/Game/ThirdPersonBP/Maps/GameMap.GameMap:PersistentLevel.GameMap' with GeneratedClass '/Game/ThirdPersonBP/Maps/GameMap.GameMap_C' with ClassGeneratedBy '/Game/ThirdPersonBP/Maps/GameMap.GameMap:PersistentLevel.GameMap'
[2019.04.20-03.18.54:959][888]LogSlate: FSceneViewport::OnFocusLost() reason 2
[2019.04.20-03.19.05:018][485]LogEditorViewport: Clicking on Actor (LMB): Room_4Way_Tree_BP_C (Room_4Way_Tree_BP2)
[2019.04.20-03.19.13:834][  3]LogSlate: FSceneViewport::OnFocusLost() reason 0
[2019.04.20-03.19.14:934][ 69]Cmd: POLY SELECT ADJACENT WALLS
[2019.04.20-03.19.15:701][115]Cmd: POLY SELECT ADJACENT WALLS
[2019.04.20-03.20.07:377][208]LogBlueprintUserMessages: [ProcedurallyGeneratedGameMode_C_0] invalid spawn point
[2019.04.20-03.20.07:437][208]LogBlueprintUserMessages: [ProcedurallyGeneratedGameMode_C_0] invalid spawn point
[2019.04.20-03.20.07:447][208]LogBlueprintUserMessages: [ProcedurallyGeneratedGameMode_C_0] dead end
[2019.04.20-03.20.07:447][208]LogBlueprintUserMessages: [ProcedurallyGeneratedGameMode_C_0] invalid spawn point
[2019.04.20-03.20.07:448][208]LogBlueprintUserMessages: [ProcedurallyGeneratedGameMode_C_0] dead end
[2019.04.20-03.20.07:448][208]LogBlueprintUserMessages: [ProcedurallyGeneratedGameMode_C_0] invalid spawn point
[2019.04.20-03.20.07:449][208]LogBlueprintUserMessages: [ProcedurallyGeneratedGameMode_C_0] dead end
[2019.04.20-03.20.07:452][208]LogBlueprintUserMessages: [ProcedurallyGeneratedGameMode_C_0] dead end
[2019.04.20-03.20.07:456][208]LogBlueprintUserMessages: [ProcedurallyGeneratedGameMode_C_0] dead end
[2019.04.20-03.20.07:460][208]LogBlueprintUserMessages: [ProcedurallyGeneratedGameMode_C_0] dead end
[2019.04.20-03.20.07:460][208]LogBlueprintUserMessages: [ProcedurallyGeneratedGameMode_C_0] invalid spawn point
[2019.04.20-03.20.07:461][208]LogBlueprintUserMessages: [ProcedurallyGeneratedGameMode_C_0] dead end
[2019.04.20-03.20.07:464][208]LogBlueprintUserMessages: [ProcedurallyGeneratedGameMode_C_0] dead end
[2019.04.20-03.20.07:468][208]LogBlueprintUserMessages: [ProcedurallyGeneratedGameMode_C_0] dead end
[2019.04.20-03.20.07:471][208]LogBlueprintUserMessages: [ProcedurallyGeneratedGameMode_C_0] dead end
[2019.04.20-03.20.07:475][208]LogBlueprintUserMessages: [ProcedurallyGeneratedGameMode_C_0] dead end
[2019.04.20-03.20.07:479][208]LogBlueprintUserMessages: [ProcedurallyGeneratedGameMode_C_0] dead end
[2019.04.20-03.20.07:482][208]LogBlueprintUserMessages: [ProcedurallyGeneratedGameMode_C_0] dead end
[2019.04.20-03.20.53:621][974]LogSlate: FSceneViewport::OnFocusLost() reason 2
[2019.04.20-03.21.17:335][386]LogSlate: FSceneViewport::OnFocusLost() reason 0
[2019.04.20-03.22.16:982][956]LogBlueprintUserMessages: [ProcedurallyGeneratedGameMode_C_0] invalid spawn point
[2019.04.20-03.22.17:001][956]LogBlueprintUserMessages: [ProcedurallyGeneratedGameMode_C_0] invalid spawn point
[2019.04.20-03.22.17:019][956]LogBlueprintUserMessages: [ProcedurallyGeneratedGameMode_C_0] invalid spawn point
[2019.04.20-03.22.17:046][956]LogBlueprintUserMessages: [ProcedurallyGeneratedGameMode_C_0] retry  spawn end 
[2019.04.20-03.22.17:050][956]LogBlueprintUserMessages: [ProcedurallyGeneratedGameMode_C_0] dead end
[2019.04.20-03.22.17:050][956]LogBlueprintUserMessages: [ProcedurallyGeneratedGameMode_C_0] invalid spawn point
[2019.04.20-03.22.17:051][956]LogBlueprintUserMessages: [ProcedurallyGeneratedGameMode_C_0] dead end
[2019.04.20-03.22.17:054][956]LogBlueprintUserMessages: [ProcedurallyGeneratedGameMode_C_0] dead end
[2019.04.20-03.22.17:058][956]LogBlueprintUserMessages: [ProcedurallyGeneratedGameMode_C_0] dead end
[2019.04.20-03.22.17:062][956]LogBlueprintUserMessages: [ProcedurallyGeneratedGameMode_C_0] dead end
[2019.04.20-03.22.17:065][956]LogBlueprintUserMessages: [ProcedurallyGeneratedGameMode_C_0] dead end
[2019.04.20-03.22.17:065][956]LogBlueprintUserMessages: [ProcedurallyGeneratedGameMode_C_0] invalid spawn point
[2019.04.20-03.22.17:066][956]LogBlueprintUserMessages: [ProcedurallyGeneratedGameMode_C_0] dead end
[2019.04.20-03.22.17:070][956]LogBlueprintUserMessages: [ProcedurallyGeneratedGameMode_C_0] dead end
[2019.04.20-03.22.17:070][956]LogBlueprintUserMessages: [ProcedurallyGeneratedGameMode_C_0] invalid spawn point
[2019.04.20-03.22.17:071][956]LogBlueprintUserMessages: [ProcedurallyGeneratedGameMode_C_0] dead end
[2019.04.20-03.22.17:071][956]LogBlueprintUserMessages: [ProcedurallyGeneratedGameMode_C_0] invalid spawn point
[2019.04.20-03.22.17:072][956]LogBlueprintUserMessages: [ProcedurallyGeneratedGameMode_C_0] dead end
[2019.04.20-03.22.17:076][956]LogBlueprintUserMessages: [ProcedurallyGeneratedGameMode_C_0] dead end
[2019.04.20-03.22.17:080][956]LogBlueprintUserMessages: [ProcedurallyGeneratedGameMode_C_0] dead end
[2019.04.20-03.22.17:080][956]LogBlueprintUserMessages: [ProcedurallyGeneratedGameMode_C_0] invalid spawn point
[2019.04.20-03.22.17:080][956]LogBlueprintUserMessages: [ProcedurallyGeneratedGameMode_C_0] dead end
[2019.04.20-03.22.17:084][956]LogBlueprintUserMessages: [ProcedurallyGeneratedGameMode_C_0] dead end
[2019.04.20-03.22.42:029][451]LogSlate: FSceneViewport::OnFocusLost() reason 2
[2019.04.20-03.23.00:449][554]LogSlate: FSceneViewport::OnFocusLost() reason 0
[2019.04.20-03.23.56:173][495]LogSlate: FSceneViewport::OnFocusLost() reason 0
[2019.04.20-03.40.20:652][881]LogHttp: Warning: 000001F576C287C0: request failed, libcurl error: 28 (Timeout was reached)
[2019.04.20-03.40.20:652][881]LogHttp: Warning: 000001F576C287C0: libcurl info message cache 0 (Connection 11 seems to be dead!)
[2019.04.20-03.40.20:652][881]LogHttp: Warning: 000001F576C287C0: libcurl info message cache 1 (Closing connection 11)
[2019.04.20-03.40.20:653][881]LogHttp: Warning: 000001F576C287C0: libcurl info message cache 2 (TLSv1.2 (OUT), TLS alert, Client hello (1):)
[2019.04.20-03.40.20:653][881]LogHttp: Warning: 000001F576C287C0: libcurl info message cache 3 (  Trying 34.193.236.205...)
[2019.04.20-03.40.20:653][881]LogHttp: Warning: 000001F576C287C0: libcurl info message cache 4 (TCP_NODELAY set)
[2019.04.20-03.40.20:653][881]LogHttp: Warning: 000001F576C287C0: libcurl info message cache 5 (Connection timed out after 900047 milliseconds)
[2019.04.20-03.40.20:653][881]LogHttp: Warning: 000001F576C287C0: libcurl info message cache 6 (Closing connection 12)
[2019.04.20-03.40.20:678][881]LogUnrealEdMisc: Warning: Heartbeat event firing too frequently (0.000 sec). This should never happen. Something is wrong with the timer delegate!
[2019.04.20-03.40.20:678][881]LogUnrealEdMisc: Warning: Heartbeat event firing too frequently (0.000 sec). This should never happen. Something is wrong with the timer delegate!
[2019.04.20-03.40.20:678][881]LogUnrealEdMisc: Warning: Heartbeat event firing too frequently (0.000 sec). This should never happen. Something is wrong with the timer delegate!
[2019.04.20-03.40.20:678][881]LogUnrealEdMisc: Warning: Heartbeat event firing too frequently (0.000 sec). This should never happen. Something is wrong with the timer delegate!
[2019.04.20-03.40.20:678][881]LogUnrealEdMisc: Warning: Heartbeat event firing too frequently (0.000 sec). This should never happen. Something is wrong with the timer delegate!
[2019.04.20-03.40.20:678][881]LogUnrealEdMisc: Warning: Heartbeat event firing too frequently (0.000 sec). This should never happen. Something is wrong with the timer delegate!
[2019.04.20-03.40.20:678][881]LogUnrealEdMisc: Warning: Heartbeat event firing too frequently (0.001 sec). This should never happen. Something is wrong with the timer delegate!
[2019.04.20-03.40.20:679][881]LogUnrealEdMisc: Warning: Heartbeat event firing too frequently (0.001 sec). This should never happen. Something is wrong with the timer delegate!
[2019.04.20-03.40.20:679][881]LogUnrealEdMisc: Warning: Heartbeat event firing too frequently (0.001 sec). This should never happen. Something is wrong with the timer delegate!
[2019.04.20-03.40.20:679][881]LogUnrealEdMisc: Warning: Heartbeat event firing too frequently (0.001 sec). This should never happen. Something is wrong with the timer delegate!
[2019.04.20-03.40.20:679][881]LogUnrealEdMisc: Warning: Heartbeat event firing too frequently (0.001 sec). This should never happen. Something is wrong with the timer delegate!
[2019.04.20-03.40.20:679][881]LogUnrealEdMisc: Warning: Heartbeat event firing too frequently (0.001 sec). This should never happen. Something is wrong with the timer delegate!
[2019.04.20-03.40.20:679][881]LogUnrealEdMisc: Warning: Heartbeat event firing too frequently (0.001 sec). This should never happen. Something is wrong with the timer delegate!
[2019.04.20-03.40.20:679][881]LogUnrealEdMisc: Warning: Heartbeat event firing too frequently (0.001 sec). This should never happen. Something is wrong with the timer delegate!
[2019.04.20-03.40.22:869][882]LogHttp: Warning: Retry exhausted on https://datarouter.ol.epicgames.com/datarouter/api/v1/public/data?SessionID=%7B4C1BB211-4FE8-7E02-10A8-D8B0B56F83A2%7D&AppID=UEEditor.Rocket.Release&AppVersion=4.21.2-4753647%2B%2B%2BUE4%2BRelease-4.21&UserID=96f1d9d74fd72855f81d36b89988d970%7C3c1c41dc7a6746d8a4856f1aff68e2d3%7Cc7d2e970-9857-4182-a049-1c47a5df07ca&AppEnvironment=datacollector-binary&UploadType=eteventstream
[2019.04.20-03.53.28:136][926]LogUnrealEdMisc: Warning: Heartbeat event firing too frequently (0.000 sec). This should never happen. Something is wrong with the timer delegate!
[2019.04.20-03.53.28:136][926]LogUnrealEdMisc: Warning: Heartbeat event firing too frequently (0.000 sec). This should never happen. Something is wrong with the timer delegate!
[2019.04.20-03.53.28:136][926]LogUnrealEdMisc: Warning: Heartbeat event firing too frequently (0.000 sec). This should never happen. Something is wrong with the timer delegate!
[2019.04.20-03.53.28:136][926]LogUnrealEdMisc: Warning: Heartbeat event firing too frequently (0.000 sec). This should never happen. Something is wrong with the timer delegate!
[2019.04.20-03.53.28:137][926]LogUnrealEdMisc: Warning: Heartbeat event firing too frequently (0.000 sec). This should never happen. Something is wrong with the timer delegate!
[2019.04.20-03.53.28:137][926]LogUnrealEdMisc: Warning: Heartbeat event firing too frequently (0.000 sec). This should never happen. Something is wrong with the timer delegate!
[2019.04.20-03.53.28:137][926]LogUnrealEdMisc: Warning: Heartbeat event firing too frequently (0.000 sec). This should never happen. Something is wrong with the timer delegate!
[2019.04.20-03.53.28:137][926]LogUnrealEdMisc: Warning: Heartbeat event firing too frequently (0.000 sec). This should never happen. Something is wrong with the timer delegate!
[2019.04.20-03.53.28:137][926]LogUnrealEdMisc: Warning: Heartbeat event firing too frequently (0.001 sec). This should never happen. Something is wrong with the timer delegate!
[2019.04.20-03.53.28:137][926]LogUnrealEdMisc: Warning: Heartbeat event firing too frequently (0.001 sec). This should never happen. Something is wrong with the timer delegate!
[2019.04.20-03.53.28:137][926]LogUnrealEdMisc: Warning: Heartbeat event firing too frequently (0.001 sec). This should never happen. Something is wrong with the timer delegate!
[2019.04.20-03.53.28:137][926]LogUnrealEdMisc: Warning: Heartbeat event firing too frequently (0.001 sec). This should never happen. Something is wrong with the timer delegate!
[2019.04.20-03.53.57:955][152]LogSavePackage: Moving '../../../../../UnrealProjects/Rainbow-Murder-Death-Maze/Rnbw_Mrdr_Dth_Mz/Saved/GameMap8F06C86D4CB09F8F55C93F83D0F651C5.tmp' to '../../../../../UnrealProjects/Rainbow-Murder-Death-Maze/Rnbw_Mrdr_Dth_Mz/Content/ThirdPersonBP/Maps/GameMap.umap'
[2019.04.20-03.53.58:179][152]LogSavePackage: Moving '../../../../../UnrealProjects/Rainbow-Murder-Death-Maze/Rnbw_Mrdr_Dth_Mz/Saved/GameMap_BuiltData6E390A55416DA702ADB2B982098A0B89.tmp' to '../../../../../UnrealProjects/Rainbow-Murder-Death-Maze/Rnbw_Mrdr_Dth_Mz/Content/ThirdPersonBP/Maps/GameMap_BuiltData.uasset'
[2019.04.20-03.53.59:326][240]LogSavePackage: Moving '../../../../../UnrealProjects/Rainbow-Murder-Death-Maze/Rnbw_Mrdr_Dth_Mz/Saved/GameMap4D422BDF4D25C61651E2BE8F02D85F8B.tmp' to '../../../../../UnrealProjects/Rainbow-Murder-Death-Maze/Rnbw_Mrdr_Dth_Mz/Content/ThirdPersonBP/Maps/GameMap.umap'
[2019.04.20-03.53.59:375][240]LogSavePackage: Moving '../../../../../UnrealProjects/Rainbow-Murder-Death-Maze/Rnbw_Mrdr_Dth_Mz/Saved/GameMap_BuiltDataB3E1B1B14562F092E69EC299D7CBB5D0.tmp' to '../../../../../UnrealProjects/Rainbow-Murder-Death-Maze/Rnbw_Mrdr_Dth_Mz/Content/ThirdPersonBP/Maps/GameMap_BuiltData.uasset'
[2019.04.20-03.54.08:404][297]LogUnrealEdMisc: Warning: Heartbeat event firing too frequently (40.268 sec). This should never happen. Something is wrong with the timer delegate!
[2019.04.20-03.54.17:667][403]LogSlate: FSceneViewport::OnFocusLost() reason 2
